The system is: Linux - 6.8.0-45-generic - x86_64
Compiling the C compiler identification source file "CMakeCCompilerId.c" succeeded.
Compiler: /usr/bin/cc 
Build flags: 
Id flags:  

The output was:
0


Compilation of the C compiler identification source "CMakeCCompilerId.c" produced "a.out"

The C compiler identification is GNU, found in "/home/yanwei/第二次任务喵/task/eigen-3.3.7/build/CMakeFiles/3.22.1/CompilerIdC/a.out"

Compiling the CXX compiler identification source file "CMakeCXXCompilerId.cpp" succeeded.
Compiler: /usr/bin/c++ 
Build flags: 
Id flags:  

The output was:
0


Compilation of the CXX compiler identification source "CMakeCXXCompilerId.cpp" produced "a.out"

The CXX compiler identification is GNU, found in "/home/yanwei/第二次任务喵/task/eigen-3.3.7/build/CMakeFiles/3.22.1/CompilerIdCXX/a.out"

Detecting C compiler ABI info compiled with the following output:
Change Dir: /home/yanwei/第二次任务喵/task/eigen-3.3.7/build/CMakeFiles/CMakeTmp

Run Build Command(s):/usr/bin/gmake -f Makefile cmTC_f28fb/fast && /usr/bin/gmake  -f CMakeFiles/cmTC_f28fb.dir/build.make CMakeFiles/cmTC_f28fb.dir/build
gmake[1]: Entering directory '/home/yanwei/第二次任务喵/task/eigen-3.3.7/build/CMakeFiles/CMakeTmp'
Building C object CMakeFiles/cmTC_f28fb.dir/CMakeCCompilerABI.c.o
/usr/bin/cc   -v -o CMakeFiles/cmTC_f28fb.dir/CMakeCCompilerABI.c.o -c /usr/share/cmake-3.22/Modules/CMakeCCompilerABI.c
Using built-in specs.
COLLECT_GCC=/usr/bin/cc
OFFLOAD_TARGET_NAMES=nvptx-none:amdgcn-amdhsa
OFFLOAD_TARGET_DEFAULT=1
Target: x86_64-linux-gnu
Configured with: ../src/configure -v --with-pkgversion='Ubuntu 11.4.0-1ubuntu1~22.04' --with-bugurl=file:///usr/share/doc/gcc-11/README.Bugs --enable-languages=c,ada,c++,go,brig,d,fortran,objc,obj-c++,m2 --prefix=/usr --with-gcc-major-version-only --program-suffix=-11 --program-prefix=x86_64-linux-gnu- --enable-shared --enable-linker-build-id --libexecdir=/usr/lib --without-included-gettext --enable-threads=posix --libdir=/usr/lib --enable-nls --enable-bootstrap --enable-clocale=gnu --enable-libstdcxx-debug --enable-libstdcxx-time=yes --with-default-libstdcxx-abi=new --enable-gnu-unique-object --disable-vtable-verify --enable-plugin --enable-default-pie --with-system-zlib --enable-libphobos-checking=release --with-target-system-zlib=auto --enable-objc-gc=auto --enable-multiarch --disable-werror --enable-cet --with-arch-32=i686 --with-abi=m64 --with-multilib-list=m32,m64,mx32 --enable-multilib --with-tune=generic --enable-offload-targets=nvptx-none=/build/gcc-11-XeT9lY/gcc-11-11.4.0/debian/tmp-nvptx/usr,amdgcn-amdhsa=/build/gcc-11-XeT9lY/gcc-11-11.4.0/debian/tmp-gcn/usr --without-cuda-driver --enable-checking=release --build=x86_64-linux-gnu --host=x86_64-linux-gnu --target=x86_64-linux-gnu --with-build-config=bootstrap-lto-lean --enable-link-serialization=2
Thread model: posix
Supported LTO compression algorithms: zlib zstd
gcc version 11.4.0 (Ubuntu 11.4.0-1ubuntu1~22.04) 
COLLECT_GCC_OPTIONS='-v' '-o' 'CMakeFiles/cmTC_f28fb.dir/CMakeCCompilerABI.c.o' '-c' '-mtune=generic' '-march=x86-64' '-dumpdir' 'CMakeFiles/cmTC_f28fb.dir/'
 /usr/lib/gcc/x86_64-linux-gnu/11/cc1 -quiet -v -imultiarch x86_64-linux-gnu /usr/share/cmake-3.22/Modules/CMakeCCompilerABI.c -quiet -dumpdir CMakeFiles/cmTC_f28fb.dir/ -dumpbase CMakeCCompilerABI.c.c -dumpbase-ext .c -mtune=generic -march=x86-64 -version -fasynchronous-unwind-tables -fstack-protector-strong -Wformat -Wformat-security -fstack-clash-protection -fcf-protection -o /tmp/cccePLyN.s
GNU C17 (Ubuntu 11.4.0-1ubuntu1~22.04) version 11.4.0 (x86_64-linux-gnu)
	compiled by GNU C version 11.4.0, GMP version 6.2.1, MPFR version 4.1.0, MPC version 1.2.1, isl version isl-0.24-GMP

GGC heuristics: --param ggc-min-expand=100 --param ggc-min-heapsize=131072
ignoring nonexistent directory "/usr/local/include/x86_64-linux-gnu"
ignoring nonexistent directory "/usr/lib/gcc/x86_64-linux-gnu/11/include-fixed"
ignoring nonexistent directory "/usr/lib/gcc/x86_64-linux-gnu/11/../../../../x86_64-linux-gnu/include"
#include "..." search starts here:
#include <...> search starts here:
 /usr/lib/gcc/x86_64-linux-gnu/11/include
 /usr/local/include
 /usr/include/x86_64-linux-gnu
 /usr/include
End of search list.
GNU C17 (Ubuntu 11.4.0-1ubuntu1~22.04) version 11.4.0 (x86_64-linux-gnu)
	compiled by GNU C version 11.4.0, GMP version 6.2.1, MPFR version 4.1.0, MPC version 1.2.1, isl version isl-0.24-GMP

GGC heuristics: --param ggc-min-expand=100 --param ggc-min-heapsize=131072
Compiler executable checksum: 50eaa2331df977b8016186198deb2d18
COLLECT_GCC_OPTIONS='-v' '-o' 'CMakeFiles/cmTC_f28fb.dir/CMakeCCompilerABI.c.o' '-c' '-mtune=generic' '-march=x86-64' '-dumpdir' 'CMakeFiles/cmTC_f28fb.dir/'
 as -v --64 -o CMakeFiles/cmTC_f28fb.dir/CMakeCCompilerABI.c.o /tmp/cccePLyN.s
GNU assembler version 2.38 (x86_64-linux-gnu) using BFD version (GNU Binutils for Ubuntu) 2.38
COMPILER_PATH=/usr/lib/gcc/x86_64-linux-gnu/11/:/usr/lib/gcc/x86_64-linux-gnu/11/:/usr/lib/gcc/x86_64-linux-gnu/:/usr/lib/gcc/x86_64-linux-gnu/11/:/usr/lib/gcc/x86_64-linux-gnu/
LIBRARY_PATH=/usr/lib/gcc/x86_64-linux-gnu/11/:/usr/lib/gcc/x86_64-linux-gnu/11/../../../x86_64-linux-gnu/:/usr/lib/gcc/x86_64-linux-gnu/11/../../../../lib/:/lib/x86_64-linux-gnu/:/lib/../lib/:/usr/lib/x86_64-linux-gnu/:/usr/lib/../lib/:/usr/lib/gcc/x86_64-linux-gnu/11/../../../:/lib/:/usr/lib/
COLLECT_GCC_OPTIONS='-v' '-o' 'CMakeFiles/cmTC_f28fb.dir/CMakeCCompilerABI.c.o' '-c' '-mtune=generic' '-march=x86-64' '-dumpdir' 'CMakeFiles/cmTC_f28fb.dir/CMakeCCompilerABI.c.'
Linking C executable cmTC_f28fb
/usr/bin/cmake -E cmake_link_script CMakeFiles/cmTC_f28fb.dir/link.txt --verbose=1
/usr/bin/cc  -v -rdynamic CMakeFiles/cmTC_f28fb.dir/CMakeCCompilerABI.c.o -o cmTC_f28fb 
Using built-in specs.
COLLECT_GCC=/usr/bin/cc
COLLECT_LTO_WRAPPER=/usr/lib/gcc/x86_64-linux-gnu/11/lto-wrapper
OFFLOAD_TARGET_NAMES=nvptx-none:amdgcn-amdhsa
OFFLOAD_TARGET_DEFAULT=1
Target: x86_64-linux-gnu
Configured with: ../src/configure -v --with-pkgversion='Ubuntu 11.4.0-1ubuntu1~22.04' --with-bugurl=file:///usr/share/doc/gcc-11/README.Bugs --enable-languages=c,ada,c++,go,brig,d,fortran,objc,obj-c++,m2 --prefix=/usr --with-gcc-major-version-only --program-suffix=-11 --program-prefix=x86_64-linux-gnu- --enable-shared --enable-linker-build-id --libexecdir=/usr/lib --without-included-gettext --enable-threads=posix --libdir=/usr/lib --enable-nls --enable-bootstrap --enable-clocale=gnu --enable-libstdcxx-debug --enable-libstdcxx-time=yes --with-default-libstdcxx-abi=new --enable-gnu-unique-object --disable-vtable-verify --enable-plugin --enable-default-pie --with-system-zlib --enable-libphobos-checking=release --with-target-system-zlib=auto --enable-objc-gc=auto --enable-multiarch --disable-werror --enable-cet --with-arch-32=i686 --with-abi=m64 --with-multilib-list=m32,m64,mx32 --enable-multilib --with-tune=generic --enable-offload-targets=nvptx-none=/build/gcc-11-XeT9lY/gcc-11-11.4.0/debian/tmp-nvptx/usr,amdgcn-amdhsa=/build/gcc-11-XeT9lY/gcc-11-11.4.0/debian/tmp-gcn/usr --without-cuda-driver --enable-checking=release --build=x86_64-linux-gnu --host=x86_64-linux-gnu --target=x86_64-linux-gnu --with-build-config=bootstrap-lto-lean --enable-link-serialization=2
Thread model: posix
Supported LTO compression algorithms: zlib zstd
gcc version 11.4.0 (Ubuntu 11.4.0-1ubuntu1~22.04) 
COMPILER_PATH=/usr/lib/gcc/x86_64-linux-gnu/11/:/usr/lib/gcc/x86_64-linux-gnu/11/:/usr/lib/gcc/x86_64-linux-gnu/:/usr/lib/gcc/x86_64-linux-gnu/11/:/usr/lib/gcc/x86_64-linux-gnu/
LIBRARY_PATH=/usr/lib/gcc/x86_64-linux-gnu/11/:/usr/lib/gcc/x86_64-linux-gnu/11/../../../x86_64-linux-gnu/:/usr/lib/gcc/x86_64-linux-gnu/11/../../../../lib/:/lib/x86_64-linux-gnu/:/lib/../lib/:/usr/lib/x86_64-linux-gnu/:/usr/lib/../lib/:/usr/lib/gcc/x86_64-linux-gnu/11/../../../:/lib/:/usr/lib/
COLLECT_GCC_OPTIONS='-v' '-rdynamic' '-o' 'cmTC_f28fb' '-mtune=generic' '-march=x86-64' '-dumpdir' 'cmTC_f28fb.'
 /usr/lib/gcc/x86_64-linux-gnu/11/collect2 -plugin /usr/lib/gcc/x86_64-linux-gnu/11/liblto_plugin.so -plugin-opt=/usr/lib/gcc/x86_64-linux-gnu/11/lto-wrapper -plugin-opt=-fresolution=/tmp/ccoXUV1F.res -plugin-opt=-pass-through=-lgcc -plugin-opt=-pass-through=-lgcc_s -plugin-opt=-pass-through=-lc -plugin-opt=-pass-through=-lgcc -plugin-opt=-pass-through=-lgcc_s --build-id --eh-frame-hdr -m elf_x86_64 --hash-style=gnu --as-needed -export-dynamic -dynamic-linker /lib64/ld-linux-x86-64.so.2 -pie -z now -z relro -o cmTC_f28fb /usr/lib/gcc/x86_64-linux-gnu/11/../../../x86_64-linux-gnu/Scrt1.o /usr/lib/gcc/x86_64-linux-gnu/11/../../../x86_64-linux-gnu/crti.o /usr/lib/gcc/x86_64-linux-gnu/11/crtbeginS.o -L/usr/lib/gcc/x86_64-linux-gnu/11 -L/usr/lib/gcc/x86_64-linux-gnu/11/../../../x86_64-linux-gnu -L/usr/lib/gcc/x86_64-linux-gnu/11/../../../../lib -L/lib/x86_64-linux-gnu -L/lib/../lib -L/usr/lib/x86_64-linux-gnu -L/usr/lib/../lib -L/usr/lib/gcc/x86_64-linux-gnu/11/../../.. CMakeFiles/cmTC_f28fb.dir/CMakeCCompilerABI.c.o -lgcc --push-state --as-needed -lgcc_s --pop-state -lc -lgcc --push-state --as-needed -lgcc_s --pop-state /usr/lib/gcc/x86_64-linux-gnu/11/crtendS.o /usr/lib/gcc/x86_64-linux-gnu/11/../../../x86_64-linux-gnu/crtn.o
COLLECT_GCC_OPTIONS='-v' '-rdynamic' '-o' 'cmTC_f28fb' '-mtune=generic' '-march=x86-64' '-dumpdir' 'cmTC_f28fb.'
gmake[1]: Leaving directory '/home/yanwei/第二次任务喵/task/eigen-3.3.7/build/CMakeFiles/CMakeTmp'



Parsed C implicit include dir info from above output: rv=done
  found start of include info
  found start of implicit include info
    add: [/usr/lib/gcc/x86_64-linux-gnu/11/include]
    add: [/usr/local/include]
    add: [/usr/include/x86_64-linux-gnu]
    add: [/usr/include]
  end of search list found
  collapse include dir [/usr/lib/gcc/x86_64-linux-gnu/11/include] ==> [/usr/lib/gcc/x86_64-linux-gnu/11/include]
  collapse include dir [/usr/local/include] ==> [/usr/local/include]
  collapse include dir [/usr/include/x86_64-linux-gnu] ==> [/usr/include/x86_64-linux-gnu]
  collapse include dir [/usr/include] ==> [/usr/include]
  implicit include dirs: [/usr/lib/gcc/x86_64-linux-gnu/11/include;/usr/local/include;/usr/include/x86_64-linux-gnu;/usr/include]


Parsed C implicit link information from above output:
  link line regex: [^( *|.*[/\])(ld|CMAKE_LINK_STARTFILE-NOTFOUND|([^/\]+-)?ld|collect2)[^/\]*( |$)]
  ignore line: [Change Dir: /home/yanwei/第二次任务喵/task/eigen-3.3.7/build/CMakeFiles/CMakeTmp]
  ignore line: []
  ignore line: [Run Build Command(s):/usr/bin/gmake -f Makefile cmTC_f28fb/fast && /usr/bin/gmake  -f CMakeFiles/cmTC_f28fb.dir/build.make CMakeFiles/cmTC_f28fb.dir/build]
  ignore line: [gmake[1]: Entering directory '/home/yanwei/第二次任务喵/task/eigen-3.3.7/build/CMakeFiles/CMakeTmp']
  ignore line: [Building C object CMakeFiles/cmTC_f28fb.dir/CMakeCCompilerABI.c.o]
  ignore line: [/usr/bin/cc   -v -o CMakeFiles/cmTC_f28fb.dir/CMakeCCompilerABI.c.o -c /usr/share/cmake-3.22/Modules/CMakeCCompilerABI.c]
  ignore line: [Using built-in specs.]
  ignore line: [COLLECT_GCC=/usr/bin/cc]
  ignore line: [OFFLOAD_TARGET_NAMES=nvptx-none:amdgcn-amdhsa]
  ignore line: [OFFLOAD_TARGET_DEFAULT=1]
  ignore line: [Target: x86_64-linux-gnu]
  ignore line: [Configured with: ../src/configure -v --with-pkgversion='Ubuntu 11.4.0-1ubuntu1~22.04' --with-bugurl=file:///usr/share/doc/gcc-11/README.Bugs --enable-languages=c ada c++ go brig d fortran objc obj-c++ m2 --prefix=/usr --with-gcc-major-version-only --program-suffix=-11 --program-prefix=x86_64-linux-gnu- --enable-shared --enable-linker-build-id --libexecdir=/usr/lib --without-included-gettext --enable-threads=posix --libdir=/usr/lib --enable-nls --enable-bootstrap --enable-clocale=gnu --enable-libstdcxx-debug --enable-libstdcxx-time=yes --with-default-libstdcxx-abi=new --enable-gnu-unique-object --disable-vtable-verify --enable-plugin --enable-default-pie --with-system-zlib --enable-libphobos-checking=release --with-target-system-zlib=auto --enable-objc-gc=auto --enable-multiarch --disable-werror --enable-cet --with-arch-32=i686 --with-abi=m64 --with-multilib-list=m32 m64 mx32 --enable-multilib --with-tune=generic --enable-offload-targets=nvptx-none=/build/gcc-11-XeT9lY/gcc-11-11.4.0/debian/tmp-nvptx/usr amdgcn-amdhsa=/build/gcc-11-XeT9lY/gcc-11-11.4.0/debian/tmp-gcn/usr --without-cuda-driver --enable-checking=release --build=x86_64-linux-gnu --host=x86_64-linux-gnu --target=x86_64-linux-gnu --with-build-config=bootstrap-lto-lean --enable-link-serialization=2]
  ignore line: [Thread model: posix]
  ignore line: [Supported LTO compression algorithms: zlib zstd]
  ignore line: [gcc version 11.4.0 (Ubuntu 11.4.0-1ubuntu1~22.04) ]
  ignore line: [COLLECT_GCC_OPTIONS='-v' '-o' 'CMakeFiles/cmTC_f28fb.dir/CMakeCCompilerABI.c.o' '-c' '-mtune=generic' '-march=x86-64' '-dumpdir' 'CMakeFiles/cmTC_f28fb.dir/']
  ignore line: [ /usr/lib/gcc/x86_64-linux-gnu/11/cc1 -quiet -v -imultiarch x86_64-linux-gnu /usr/share/cmake-3.22/Modules/CMakeCCompilerABI.c -quiet -dumpdir CMakeFiles/cmTC_f28fb.dir/ -dumpbase CMakeCCompilerABI.c.c -dumpbase-ext .c -mtune=generic -march=x86-64 -version -fasynchronous-unwind-tables -fstack-protector-strong -Wformat -Wformat-security -fstack-clash-protection -fcf-protection -o /tmp/cccePLyN.s]
  ignore line: [GNU C17 (Ubuntu 11.4.0-1ubuntu1~22.04) version 11.4.0 (x86_64-linux-gnu)]
  ignore line: [	compiled by GNU C version 11.4.0  GMP version 6.2.1  MPFR version 4.1.0  MPC version 1.2.1  isl version isl-0.24-GMP]
  ignore line: []
  ignore line: [GGC heuristics: --param ggc-min-expand=100 --param ggc-min-heapsize=131072]
  ignore line: [ignoring nonexistent directory "/usr/local/include/x86_64-linux-gnu"]
  ignore line: [ignoring nonexistent directory "/usr/lib/gcc/x86_64-linux-gnu/11/include-fixed"]
  ignore line: [ignoring nonexistent directory "/usr/lib/gcc/x86_64-linux-gnu/11/../../../../x86_64-linux-gnu/include"]
  ignore line: [#include "..." search starts here:]
  ignore line: [#include <...> search starts here:]
  ignore line: [ /usr/lib/gcc/x86_64-linux-gnu/11/include]
  ignore line: [ /usr/local/include]
  ignore line: [ /usr/include/x86_64-linux-gnu]
  ignore line: [ /usr/include]
  ignore line: [End of search list.]
  ignore line: [GNU C17 (Ubuntu 11.4.0-1ubuntu1~22.04) version 11.4.0 (x86_64-linux-gnu)]
  ignore line: [	compiled by GNU C version 11.4.0  GMP version 6.2.1  MPFR version 4.1.0  MPC version 1.2.1  isl version isl-0.24-GMP]
  ignore line: []
  ignore line: [GGC heuristics: --param ggc-min-expand=100 --param ggc-min-heapsize=131072]
  ignore line: [Compiler executable checksum: 50eaa2331df977b8016186198deb2d18]
  ignore line: [COLLECT_GCC_OPTIONS='-v' '-o' 'CMakeFiles/cmTC_f28fb.dir/CMakeCCompilerABI.c.o' '-c' '-mtune=generic' '-march=x86-64' '-dumpdir' 'CMakeFiles/cmTC_f28fb.dir/']
  ignore line: [ as -v --64 -o CMakeFiles/cmTC_f28fb.dir/CMakeCCompilerABI.c.o /tmp/cccePLyN.s]
  ignore line: [GNU assembler version 2.38 (x86_64-linux-gnu) using BFD version (GNU Binutils for Ubuntu) 2.38]
  ignore line: [COMPILER_PATH=/usr/lib/gcc/x86_64-linux-gnu/11/:/usr/lib/gcc/x86_64-linux-gnu/11/:/usr/lib/gcc/x86_64-linux-gnu/:/usr/lib/gcc/x86_64-linux-gnu/11/:/usr/lib/gcc/x86_64-linux-gnu/]
  ignore line: [LIBRARY_PATH=/usr/lib/gcc/x86_64-linux-gnu/11/:/usr/lib/gcc/x86_64-linux-gnu/11/../../../x86_64-linux-gnu/:/usr/lib/gcc/x86_64-linux-gnu/11/../../../../lib/:/lib/x86_64-linux-gnu/:/lib/../lib/:/usr/lib/x86_64-linux-gnu/:/usr/lib/../lib/:/usr/lib/gcc/x86_64-linux-gnu/11/../../../:/lib/:/usr/lib/]
  ignore line: [COLLECT_GCC_OPTIONS='-v' '-o' 'CMakeFiles/cmTC_f28fb.dir/CMakeCCompilerABI.c.o' '-c' '-mtune=generic' '-march=x86-64' '-dumpdir' 'CMakeFiles/cmTC_f28fb.dir/CMakeCCompilerABI.c.']
  ignore line: [Linking C executable cmTC_f28fb]
  ignore line: [/usr/bin/cmake -E cmake_link_script CMakeFiles/cmTC_f28fb.dir/link.txt --verbose=1]
  ignore line: [/usr/bin/cc  -v -rdynamic CMakeFiles/cmTC_f28fb.dir/CMakeCCompilerABI.c.o -o cmTC_f28fb ]
  ignore line: [Using built-in specs.]
  ignore line: [COLLECT_GCC=/usr/bin/cc]
  ignore line: [COLLECT_LTO_WRAPPER=/usr/lib/gcc/x86_64-linux-gnu/11/lto-wrapper]
  ignore line: [OFFLOAD_TARGET_NAMES=nvptx-none:amdgcn-amdhsa]
  ignore line: [OFFLOAD_TARGET_DEFAULT=1]
  ignore line: [Target: x86_64-linux-gnu]
  ignore line: [Configured with: ../src/configure -v --with-pkgversion='Ubuntu 11.4.0-1ubuntu1~22.04' --with-bugurl=file:///usr/share/doc/gcc-11/README.Bugs --enable-languages=c ada c++ go brig d fortran objc obj-c++ m2 --prefix=/usr --with-gcc-major-version-only --program-suffix=-11 --program-prefix=x86_64-linux-gnu- --enable-shared --enable-linker-build-id --libexecdir=/usr/lib --without-included-gettext --enable-threads=posix --libdir=/usr/lib --enable-nls --enable-bootstrap --enable-clocale=gnu --enable-libstdcxx-debug --enable-libstdcxx-time=yes --with-default-libstdcxx-abi=new --enable-gnu-unique-object --disable-vtable-verify --enable-plugin --enable-default-pie --with-system-zlib --enable-libphobos-checking=release --with-target-system-zlib=auto --enable-objc-gc=auto --enable-multiarch --disable-werror --enable-cet --with-arch-32=i686 --with-abi=m64 --with-multilib-list=m32 m64 mx32 --enable-multilib --with-tune=generic --enable-offload-targets=nvptx-none=/build/gcc-11-XeT9lY/gcc-11-11.4.0/debian/tmp-nvptx/usr amdgcn-amdhsa=/build/gcc-11-XeT9lY/gcc-11-11.4.0/debian/tmp-gcn/usr --without-cuda-driver --enable-checking=release --build=x86_64-linux-gnu --host=x86_64-linux-gnu --target=x86_64-linux-gnu --with-build-config=bootstrap-lto-lean --enable-link-serialization=2]
  ignore line: [Thread model: posix]
  ignore line: [Supported LTO compression algorithms: zlib zstd]
  ignore line: [gcc version 11.4.0 (Ubuntu 11.4.0-1ubuntu1~22.04) ]
  ignore line: [COMPILER_PATH=/usr/lib/gcc/x86_64-linux-gnu/11/:/usr/lib/gcc/x86_64-linux-gnu/11/:/usr/lib/gcc/x86_64-linux-gnu/:/usr/lib/gcc/x86_64-linux-gnu/11/:/usr/lib/gcc/x86_64-linux-gnu/]
  ignore line: [LIBRARY_PATH=/usr/lib/gcc/x86_64-linux-gnu/11/:/usr/lib/gcc/x86_64-linux-gnu/11/../../../x86_64-linux-gnu/:/usr/lib/gcc/x86_64-linux-gnu/11/../../../../lib/:/lib/x86_64-linux-gnu/:/lib/../lib/:/usr/lib/x86_64-linux-gnu/:/usr/lib/../lib/:/usr/lib/gcc/x86_64-linux-gnu/11/../../../:/lib/:/usr/lib/]
  ignore line: [COLLECT_GCC_OPTIONS='-v' '-rdynamic' '-o' 'cmTC_f28fb' '-mtune=generic' '-march=x86-64' '-dumpdir' 'cmTC_f28fb.']
  link line: [ /usr/lib/gcc/x86_64-linux-gnu/11/collect2 -plugin /usr/lib/gcc/x86_64-linux-gnu/11/liblto_plugin.so -plugin-opt=/usr/lib/gcc/x86_64-linux-gnu/11/lto-wrapper -plugin-opt=-fresolution=/tmp/ccoXUV1F.res -plugin-opt=-pass-through=-lgcc -plugin-opt=-pass-through=-lgcc_s -plugin-opt=-pass-through=-lc -plugin-opt=-pass-through=-lgcc -plugin-opt=-pass-through=-lgcc_s --build-id --eh-frame-hdr -m elf_x86_64 --hash-style=gnu --as-needed -export-dynamic -dynamic-linker /lib64/ld-linux-x86-64.so.2 -pie -z now -z relro -o cmTC_f28fb /usr/lib/gcc/x86_64-linux-gnu/11/../../../x86_64-linux-gnu/Scrt1.o /usr/lib/gcc/x86_64-linux-gnu/11/../../../x86_64-linux-gnu/crti.o /usr/lib/gcc/x86_64-linux-gnu/11/crtbeginS.o -L/usr/lib/gcc/x86_64-linux-gnu/11 -L/usr/lib/gcc/x86_64-linux-gnu/11/../../../x86_64-linux-gnu -L/usr/lib/gcc/x86_64-linux-gnu/11/../../../../lib -L/lib/x86_64-linux-gnu -L/lib/../lib -L/usr/lib/x86_64-linux-gnu -L/usr/lib/../lib -L/usr/lib/gcc/x86_64-linux-gnu/11/../../.. CMakeFiles/cmTC_f28fb.dir/CMakeCCompilerABI.c.o -lgcc --push-state --as-needed -lgcc_s --pop-state -lc -lgcc --push-state --as-needed -lgcc_s --pop-state /usr/lib/gcc/x86_64-linux-gnu/11/crtendS.o /usr/lib/gcc/x86_64-linux-gnu/11/../../../x86_64-linux-gnu/crtn.o]
    arg [/usr/lib/gcc/x86_64-linux-gnu/11/collect2] ==> ignore
    arg [-plugin] ==> ignore
    arg [/usr/lib/gcc/x86_64-linux-gnu/11/liblto_plugin.so] ==> ignore
    arg [-plugin-opt=/usr/lib/gcc/x86_64-linux-gnu/11/lto-wrapper] ==> ignore
    arg [-plugin-opt=-fresolution=/tmp/ccoXUV1F.res] ==> ignore
    arg [-plugin-opt=-pass-through=-lgcc] ==> ignore
    arg [-plugin-opt=-pass-through=-lgcc_s] ==> ignore
    arg [-plugin-opt=-pass-through=-lc] ==> ignore
    arg [-plugin-opt=-pass-through=-lgcc] ==> ignore
    arg [-plugin-opt=-pass-through=-lgcc_s] ==> ignore
    arg [--build-id] ==> ignore
    arg [--eh-frame-hdr] ==> ignore
    arg [-m] ==> ignore
    arg [elf_x86_64] ==> ignore
    arg [--hash-style=gnu] ==> ignore
    arg [--as-needed] ==> ignore
    arg [-export-dynamic] ==> ignore
    arg [-dynamic-linker] ==> ignore
    arg [/lib64/ld-linux-x86-64.so.2] ==> ignore
    arg [-pie] ==> ignore
    arg [-znow] ==> ignore
    arg [-zrelro] ==> ignore
    arg [-o] ==> ignore
    arg [cmTC_f28fb] ==> ignore
    arg [/usr/lib/gcc/x86_64-linux-gnu/11/../../../x86_64-linux-gnu/Scrt1.o] ==> obj [/usr/lib/gcc/x86_64-linux-gnu/11/../../../x86_64-linux-gnu/Scrt1.o]
    arg [/usr/lib/gcc/x86_64-linux-gnu/11/../../../x86_64-linux-gnu/crti.o] ==> obj [/usr/lib/gcc/x86_64-linux-gnu/11/../../../x86_64-linux-gnu/crti.o]
    arg [/usr/lib/gcc/x86_64-linux-gnu/11/crtbeginS.o] ==> obj [/usr/lib/gcc/x86_64-linux-gnu/11/crtbeginS.o]
    arg [-L/usr/lib/gcc/x86_64-linux-gnu/11] ==> dir [/usr/lib/gcc/x86_64-linux-gnu/11]
    arg [-L/usr/lib/gcc/x86_64-linux-gnu/11/../../../x86_64-linux-gnu] ==> dir [/usr/lib/gcc/x86_64-linux-gnu/11/../../../x86_64-linux-gnu]
    arg [-L/usr/lib/gcc/x86_64-linux-gnu/11/../../../../lib] ==> dir [/usr/lib/gcc/x86_64-linux-gnu/11/../../../../lib]
    arg [-L/lib/x86_64-linux-gnu] ==> dir [/lib/x86_64-linux-gnu]
    arg [-L/lib/../lib] ==> dir [/lib/../lib]
    arg [-L/usr/lib/x86_64-linux-gnu] ==> dir [/usr/lib/x86_64-linux-gnu]
    arg [-L/usr/lib/../lib] ==> dir [/usr/lib/../lib]
    arg [-L/usr/lib/gcc/x86_64-linux-gnu/11/../../..] ==> dir [/usr/lib/gcc/x86_64-linux-gnu/11/../../..]
    arg [CMakeFiles/cmTC_f28fb.dir/CMakeCCompilerABI.c.o] ==> ignore
    arg [-lgcc] ==> lib [gcc]
    arg [--push-state] ==> ignore
    arg [--as-needed] ==> ignore
    arg [-lgcc_s] ==> lib [gcc_s]
    arg [--pop-state] ==> ignore
    arg [-lc] ==> lib [c]
    arg [-lgcc] ==> lib [gcc]
    arg [--push-state] ==> ignore
    arg [--as-needed] ==> ignore
    arg [-lgcc_s] ==> lib [gcc_s]
    arg [--pop-state] ==> ignore
    arg [/usr/lib/gcc/x86_64-linux-gnu/11/crtendS.o] ==> obj [/usr/lib/gcc/x86_64-linux-gnu/11/crtendS.o]
    arg [/usr/lib/gcc/x86_64-linux-gnu/11/../../../x86_64-linux-gnu/crtn.o] ==> obj [/usr/lib/gcc/x86_64-linux-gnu/11/../../../x86_64-linux-gnu/crtn.o]
  collapse obj [/usr/lib/gcc/x86_64-linux-gnu/11/../../../x86_64-linux-gnu/Scrt1.o] ==> [/usr/lib/x86_64-linux-gnu/Scrt1.o]
  collapse obj [/usr/lib/gcc/x86_64-linux-gnu/11/../../../x86_64-linux-gnu/crti.o] ==> [/usr/lib/x86_64-linux-gnu/crti.o]
  collapse obj [/usr/lib/gcc/x86_64-linux-gnu/11/../../../x86_64-linux-gnu/crtn.o] ==> [/usr/lib/x86_64-linux-gnu/crtn.o]
  collapse library dir [/usr/lib/gcc/x86_64-linux-gnu/11] ==> [/usr/lib/gcc/x86_64-linux-gnu/11]
  collapse library dir [/usr/lib/gcc/x86_64-linux-gnu/11/../../../x86_64-linux-gnu] ==> [/usr/lib/x86_64-linux-gnu]
  collapse library dir [/usr/lib/gcc/x86_64-linux-gnu/11/../../../../lib] ==> [/usr/lib]
  collapse library dir [/lib/x86_64-linux-gnu] ==> [/lib/x86_64-linux-gnu]
  collapse library dir [/lib/../lib] ==> [/lib]
  collapse library dir [/usr/lib/x86_64-linux-gnu] ==> [/usr/lib/x86_64-linux-gnu]
  collapse library dir [/usr/lib/../lib] ==> [/usr/lib]
  collapse library dir [/usr/lib/gcc/x86_64-linux-gnu/11/../../..] ==> [/usr/lib]
  implicit libs: [gcc;gcc_s;c;gcc;gcc_s]
  implicit objs: [/usr/lib/x86_64-linux-gnu/Scrt1.o;/usr/lib/x86_64-linux-gnu/crti.o;/usr/lib/gcc/x86_64-linux-gnu/11/crtbeginS.o;/usr/lib/gcc/x86_64-linux-gnu/11/crtendS.o;/usr/lib/x86_64-linux-gnu/crtn.o]
  implicit dirs: [/usr/lib/gcc/x86_64-linux-gnu/11;/usr/lib/x86_64-linux-gnu;/usr/lib;/lib/x86_64-linux-gnu;/lib]
  implicit fwks: []


Detecting CXX compiler ABI info compiled with the following output:
Change Dir: /home/yanwei/第二次任务喵/task/eigen-3.3.7/build/CMakeFiles/CMakeTmp

Run Build Command(s):/usr/bin/gmake -f Makefile cmTC_57235/fast && /usr/bin/gmake  -f CMakeFiles/cmTC_57235.dir/build.make CMakeFiles/cmTC_57235.dir/build
gmake[1]: Entering directory '/home/yanwei/第二次任务喵/task/eigen-3.3.7/build/CMakeFiles/CMakeTmp'
Building CXX object CMakeFiles/cmTC_57235.dir/CMakeCXXCompilerABI.cpp.o
/usr/bin/c++   -v -o CMakeFiles/cmTC_57235.dir/CMakeCXXCompilerABI.cpp.o -c /usr/share/cmake-3.22/Modules/CMakeCXXCompilerABI.cpp
Using built-in specs.
COLLECT_GCC=/usr/bin/c++
OFFLOAD_TARGET_NAMES=nvptx-none:amdgcn-amdhsa
OFFLOAD_TARGET_DEFAULT=1
Target: x86_64-linux-gnu
Configured with: ../src/configure -v --with-pkgversion='Ubuntu 11.4.0-1ubuntu1~22.04' --with-bugurl=file:///usr/share/doc/gcc-11/README.Bugs --enable-languages=c,ada,c++,go,brig,d,fortran,objc,obj-c++,m2 --prefix=/usr --with-gcc-major-version-only --program-suffix=-11 --program-prefix=x86_64-linux-gnu- --enable-shared --enable-linker-build-id --libexecdir=/usr/lib --without-included-gettext --enable-threads=posix --libdir=/usr/lib --enable-nls --enable-bootstrap --enable-clocale=gnu --enable-libstdcxx-debug --enable-libstdcxx-time=yes --with-default-libstdcxx-abi=new --enable-gnu-unique-object --disable-vtable-verify --enable-plugin --enable-default-pie --with-system-zlib --enable-libphobos-checking=release --with-target-system-zlib=auto --enable-objc-gc=auto --enable-multiarch --disable-werror --enable-cet --with-arch-32=i686 --with-abi=m64 --with-multilib-list=m32,m64,mx32 --enable-multilib --with-tune=generic --enable-offload-targets=nvptx-none=/build/gcc-11-XeT9lY/gcc-11-11.4.0/debian/tmp-nvptx/usr,amdgcn-amdhsa=/build/gcc-11-XeT9lY/gcc-11-11.4.0/debian/tmp-gcn/usr --without-cuda-driver --enable-checking=release --build=x86_64-linux-gnu --host=x86_64-linux-gnu --target=x86_64-linux-gnu --with-build-config=bootstrap-lto-lean --enable-link-serialization=2
Thread model: posix
Supported LTO compression algorithms: zlib zstd
gcc version 11.4.0 (Ubuntu 11.4.0-1ubuntu1~22.04) 
COLLECT_GCC_OPTIONS='-v' '-o' 'CMakeFiles/cmTC_57235.dir/CMakeCXXCompilerABI.cpp.o' '-c' '-shared-libgcc' '-mtune=generic' '-march=x86-64' '-dumpdir' 'CMakeFiles/cmTC_57235.dir/'
 /usr/lib/gcc/x86_64-linux-gnu/11/cc1plus -quiet -v -imultiarch x86_64-linux-gnu -D_GNU_SOURCE /usr/share/cmake-3.22/Modules/CMakeCXXCompilerABI.cpp -quiet -dumpdir CMakeFiles/cmTC_57235.dir/ -dumpbase CMakeCXXCompilerABI.cpp.cpp -dumpbase-ext .cpp -mtune=generic -march=x86-64 -version -fasynchronous-unwind-tables -fstack-protector-strong -Wformat -Wformat-security -fstack-clash-protection -fcf-protection -o /tmp/cc1lm79d.s
GNU C++17 (Ubuntu 11.4.0-1ubuntu1~22.04) version 11.4.0 (x86_64-linux-gnu)
	compiled by GNU C version 11.4.0, GMP version 6.2.1, MPFR version 4.1.0, MPC version 1.2.1, isl version isl-0.24-GMP

GGC heuristics: --param ggc-min-expand=100 --param ggc-min-heapsize=131072
ignoring duplicate directory "/usr/include/x86_64-linux-gnu/c++/11"
ignoring nonexistent directory "/usr/local/include/x86_64-linux-gnu"
ignoring nonexistent directory "/usr/lib/gcc/x86_64-linux-gnu/11/include-fixed"
ignoring nonexistent directory "/usr/lib/gcc/x86_64-linux-gnu/11/../../../../x86_64-linux-gnu/include"
#include "..." search starts here:
#include <...> search starts here:
 /usr/include/c++/11
 /usr/include/x86_64-linux-gnu/c++/11
 /usr/include/c++/11/backward
 /usr/lib/gcc/x86_64-linux-gnu/11/include
 /usr/local/include
 /usr/include/x86_64-linux-gnu
 /usr/include
End of search list.
GNU C++17 (Ubuntu 11.4.0-1ubuntu1~22.04) version 11.4.0 (x86_64-linux-gnu)
	compiled by GNU C version 11.4.0, GMP version 6.2.1, MPFR version 4.1.0, MPC version 1.2.1, isl version isl-0.24-GMP

GGC heuristics: --param ggc-min-expand=100 --param ggc-min-heapsize=131072
Compiler executable checksum: d591828bb4d392ae8b7b160e5bb0b95f
COLLECT_GCC_OPTIONS='-v' '-o' 'CMakeFiles/cmTC_57235.dir/CMakeCXXCompilerABI.cpp.o' '-c' '-shared-libgcc' '-mtune=generic' '-march=x86-64' '-dumpdir' 'CMakeFiles/cmTC_57235.dir/'
 as -v --64 -o CMakeFiles/cmTC_57235.dir/CMakeCXXCompilerABI.cpp.o /tmp/cc1lm79d.s
GNU assembler version 2.38 (x86_64-linux-gnu) using BFD version (GNU Binutils for Ubuntu) 2.38
COMPILER_PATH=/usr/lib/gcc/x86_64-linux-gnu/11/:/usr/lib/gcc/x86_64-linux-gnu/11/:/usr/lib/gcc/x86_64-linux-gnu/:/usr/lib/gcc/x86_64-linux-gnu/11/:/usr/lib/gcc/x86_64-linux-gnu/
LIBRARY_PATH=/usr/lib/gcc/x86_64-linux-gnu/11/:/usr/lib/gcc/x86_64-linux-gnu/11/../../../x86_64-linux-gnu/:/usr/lib/gcc/x86_64-linux-gnu/11/../../../../lib/:/lib/x86_64-linux-gnu/:/lib/../lib/:/usr/lib/x86_64-linux-gnu/:/usr/lib/../lib/:/usr/lib/gcc/x86_64-linux-gnu/11/../../../:/lib/:/usr/lib/
COLLECT_GCC_OPTIONS='-v' '-o' 'CMakeFiles/cmTC_57235.dir/CMakeCXXCompilerABI.cpp.o' '-c' '-shared-libgcc' '-mtune=generic' '-march=x86-64' '-dumpdir' 'CMakeFiles/cmTC_57235.dir/CMakeCXXCompilerABI.cpp.'
Linking CXX executable cmTC_57235
/usr/bin/cmake -E cmake_link_script CMakeFiles/cmTC_57235.dir/link.txt --verbose=1
/usr/bin/c++  -v -rdynamic CMakeFiles/cmTC_57235.dir/CMakeCXXCompilerABI.cpp.o -o cmTC_57235 
Using built-in specs.
COLLECT_GCC=/usr/bin/c++
COLLECT_LTO_WRAPPER=/usr/lib/gcc/x86_64-linux-gnu/11/lto-wrapper
OFFLOAD_TARGET_NAMES=nvptx-none:amdgcn-amdhsa
OFFLOAD_TARGET_DEFAULT=1
Target: x86_64-linux-gnu
Configured with: ../src/configure -v --with-pkgversion='Ubuntu 11.4.0-1ubuntu1~22.04' --with-bugurl=file:///usr/share/doc/gcc-11/README.Bugs --enable-languages=c,ada,c++,go,brig,d,fortran,objc,obj-c++,m2 --prefix=/usr --with-gcc-major-version-only --program-suffix=-11 --program-prefix=x86_64-linux-gnu- --enable-shared --enable-linker-build-id --libexecdir=/usr/lib --without-included-gettext --enable-threads=posix --libdir=/usr/lib --enable-nls --enable-bootstrap --enable-clocale=gnu --enable-libstdcxx-debug --enable-libstdcxx-time=yes --with-default-libstdcxx-abi=new --enable-gnu-unique-object --disable-vtable-verify --enable-plugin --enable-default-pie --with-system-zlib --enable-libphobos-checking=release --with-target-system-zlib=auto --enable-objc-gc=auto --enable-multiarch --disable-werror --enable-cet --with-arch-32=i686 --with-abi=m64 --with-multilib-list=m32,m64,mx32 --enable-multilib --with-tune=generic --enable-offload-targets=nvptx-none=/build/gcc-11-XeT9lY/gcc-11-11.4.0/debian/tmp-nvptx/usr,amdgcn-amdhsa=/build/gcc-11-XeT9lY/gcc-11-11.4.0/debian/tmp-gcn/usr --without-cuda-driver --enable-checking=release --build=x86_64-linux-gnu --host=x86_64-linux-gnu --target=x86_64-linux-gnu --with-build-config=bootstrap-lto-lean --enable-link-serialization=2
Thread model: posix
Supported LTO compression algorithms: zlib zstd
gcc version 11.4.0 (Ubuntu 11.4.0-1ubuntu1~22.04) 
COMPILER_PATH=/usr/lib/gcc/x86_64-linux-gnu/11/:/usr/lib/gcc/x86_64-linux-gnu/11/:/usr/lib/gcc/x86_64-linux-gnu/:/usr/lib/gcc/x86_64-linux-gnu/11/:/usr/lib/gcc/x86_64-linux-gnu/
LIBRARY_PATH=/usr/lib/gcc/x86_64-linux-gnu/11/:/usr/lib/gcc/x86_64-linux-gnu/11/../../../x86_64-linux-gnu/:/usr/lib/gcc/x86_64-linux-gnu/11/../../../../lib/:/lib/x86_64-linux-gnu/:/lib/../lib/:/usr/lib/x86_64-linux-gnu/:/usr/lib/../lib/:/usr/lib/gcc/x86_64-linux-gnu/11/../../../:/lib/:/usr/lib/
COLLECT_GCC_OPTIONS='-v' '-rdynamic' '-o' 'cmTC_57235' '-shared-libgcc' '-mtune=generic' '-march=x86-64' '-dumpdir' 'cmTC_57235.'
 /usr/lib/gcc/x86_64-linux-gnu/11/collect2 -plugin /usr/lib/gcc/x86_64-linux-gnu/11/liblto_plugin.so -plugin-opt=/usr/lib/gcc/x86_64-linux-gnu/11/lto-wrapper -plugin-opt=-fresolution=/tmp/ccISvpLI.res -plugin-opt=-pass-through=-lgcc_s -plugin-opt=-pass-through=-lgcc -plugin-opt=-pass-through=-lc -plugin-opt=-pass-through=-lgcc_s -plugin-opt=-pass-through=-lgcc --build-id --eh-frame-hdr -m elf_x86_64 --hash-style=gnu --as-needed -export-dynamic -dynamic-linker /lib64/ld-linux-x86-64.so.2 -pie -z now -z relro -o cmTC_57235 /usr/lib/gcc/x86_64-linux-gnu/11/../../../x86_64-linux-gnu/Scrt1.o /usr/lib/gcc/x86_64-linux-gnu/11/../../../x86_64-linux-gnu/crti.o /usr/lib/gcc/x86_64-linux-gnu/11/crtbeginS.o -L/usr/lib/gcc/x86_64-linux-gnu/11 -L/usr/lib/gcc/x86_64-linux-gnu/11/../../../x86_64-linux-gnu -L/usr/lib/gcc/x86_64-linux-gnu/11/../../../../lib -L/lib/x86_64-linux-gnu -L/lib/../lib -L/usr/lib/x86_64-linux-gnu -L/usr/lib/../lib -L/usr/lib/gcc/x86_64-linux-gnu/11/../../.. CMakeFiles/cmTC_57235.dir/CMakeCXXCompilerABI.cpp.o -lstdc++ -lm -lgcc_s -lgcc -lc -lgcc_s -lgcc /usr/lib/gcc/x86_64-linux-gnu/11/crtendS.o /usr/lib/gcc/x86_64-linux-gnu/11/../../../x86_64-linux-gnu/crtn.o
COLLECT_GCC_OPTIONS='-v' '-rdynamic' '-o' 'cmTC_57235' '-shared-libgcc' '-mtune=generic' '-march=x86-64' '-dumpdir' 'cmTC_57235.'
gmake[1]: Leaving directory '/home/yanwei/第二次任务喵/task/eigen-3.3.7/build/CMakeFiles/CMakeTmp'



Parsed CXX implicit include dir info from above output: rv=done
  found start of include info
  found start of implicit include info
    add: [/usr/include/c++/11]
    add: [/usr/include/x86_64-linux-gnu/c++/11]
    add: [/usr/include/c++/11/backward]
    add: [/usr/lib/gcc/x86_64-linux-gnu/11/include]
    add: [/usr/local/include]
    add: [/usr/include/x86_64-linux-gnu]
    add: [/usr/include]
  end of search list found
  collapse include dir [/usr/include/c++/11] ==> [/usr/include/c++/11]
  collapse include dir [/usr/include/x86_64-linux-gnu/c++/11] ==> [/usr/include/x86_64-linux-gnu/c++/11]
  collapse include dir [/usr/include/c++/11/backward] ==> [/usr/include/c++/11/backward]
  collapse include dir [/usr/lib/gcc/x86_64-linux-gnu/11/include] ==> [/usr/lib/gcc/x86_64-linux-gnu/11/include]
  collapse include dir [/usr/local/include] ==> [/usr/local/include]
  collapse include dir [/usr/include/x86_64-linux-gnu] ==> [/usr/include/x86_64-linux-gnu]
  collapse include dir [/usr/include] ==> [/usr/include]
  implicit include dirs: [/usr/include/c++/11;/usr/include/x86_64-linux-gnu/c++/11;/usr/include/c++/11/backward;/usr/lib/gcc/x86_64-linux-gnu/11/include;/usr/local/include;/usr/include/x86_64-linux-gnu;/usr/include]


Parsed CXX implicit link information from above output:
  link line regex: [^( *|.*[/\])(ld|CMAKE_LINK_STARTFILE-NOTFOUND|([^/\]+-)?ld|collect2)[^/\]*( |$)]
  ignore line: [Change Dir: /home/yanwei/第二次任务喵/task/eigen-3.3.7/build/CMakeFiles/CMakeTmp]
  ignore line: []
  ignore line: [Run Build Command(s):/usr/bin/gmake -f Makefile cmTC_57235/fast && /usr/bin/gmake  -f CMakeFiles/cmTC_57235.dir/build.make CMakeFiles/cmTC_57235.dir/build]
  ignore line: [gmake[1]: Entering directory '/home/yanwei/第二次任务喵/task/eigen-3.3.7/build/CMakeFiles/CMakeTmp']
  ignore line: [Building CXX object CMakeFiles/cmTC_57235.dir/CMakeCXXCompilerABI.cpp.o]
  ignore line: [/usr/bin/c++   -v -o CMakeFiles/cmTC_57235.dir/CMakeCXXCompilerABI.cpp.o -c /usr/share/cmake-3.22/Modules/CMakeCXXCompilerABI.cpp]
  ignore line: [Using built-in specs.]
  ignore line: [COLLECT_GCC=/usr/bin/c++]
  ignore line: [OFFLOAD_TARGET_NAMES=nvptx-none:amdgcn-amdhsa]
  ignore line: [OFFLOAD_TARGET_DEFAULT=1]
  ignore line: [Target: x86_64-linux-gnu]
  ignore line: [Configured with: ../src/configure -v --with-pkgversion='Ubuntu 11.4.0-1ubuntu1~22.04' --with-bugurl=file:///usr/share/doc/gcc-11/README.Bugs --enable-languages=c ada c++ go brig d fortran objc obj-c++ m2 --prefix=/usr --with-gcc-major-version-only --program-suffix=-11 --program-prefix=x86_64-linux-gnu- --enable-shared --enable-linker-build-id --libexecdir=/usr/lib --without-included-gettext --enable-threads=posix --libdir=/usr/lib --enable-nls --enable-bootstrap --enable-clocale=gnu --enable-libstdcxx-debug --enable-libstdcxx-time=yes --with-default-libstdcxx-abi=new --enable-gnu-unique-object --disable-vtable-verify --enable-plugin --enable-default-pie --with-system-zlib --enable-libphobos-checking=release --with-target-system-zlib=auto --enable-objc-gc=auto --enable-multiarch --disable-werror --enable-cet --with-arch-32=i686 --with-abi=m64 --with-multilib-list=m32 m64 mx32 --enable-multilib --with-tune=generic --enable-offload-targets=nvptx-none=/build/gcc-11-XeT9lY/gcc-11-11.4.0/debian/tmp-nvptx/usr amdgcn-amdhsa=/build/gcc-11-XeT9lY/gcc-11-11.4.0/debian/tmp-gcn/usr --without-cuda-driver --enable-checking=release --build=x86_64-linux-gnu --host=x86_64-linux-gnu --target=x86_64-linux-gnu --with-build-config=bootstrap-lto-lean --enable-link-serialization=2]
  ignore line: [Thread model: posix]
  ignore line: [Supported LTO compression algorithms: zlib zstd]
  ignore line: [gcc version 11.4.0 (Ubuntu 11.4.0-1ubuntu1~22.04) ]
  ignore line: [COLLECT_GCC_OPTIONS='-v' '-o' 'CMakeFiles/cmTC_57235.dir/CMakeCXXCompilerABI.cpp.o' '-c' '-shared-libgcc' '-mtune=generic' '-march=x86-64' '-dumpdir' 'CMakeFiles/cmTC_57235.dir/']
  ignore line: [ /usr/lib/gcc/x86_64-linux-gnu/11/cc1plus -quiet -v -imultiarch x86_64-linux-gnu -D_GNU_SOURCE /usr/share/cmake-3.22/Modules/CMakeCXXCompilerABI.cpp -quiet -dumpdir CMakeFiles/cmTC_57235.dir/ -dumpbase CMakeCXXCompilerABI.cpp.cpp -dumpbase-ext .cpp -mtune=generic -march=x86-64 -version -fasynchronous-unwind-tables -fstack-protector-strong -Wformat -Wformat-security -fstack-clash-protection -fcf-protection -o /tmp/cc1lm79d.s]
  ignore line: [GNU C++17 (Ubuntu 11.4.0-1ubuntu1~22.04) version 11.4.0 (x86_64-linux-gnu)]
  ignore line: [	compiled by GNU C version 11.4.0  GMP version 6.2.1  MPFR version 4.1.0  MPC version 1.2.1  isl version isl-0.24-GMP]
  ignore line: []
  ignore line: [GGC heuristics: --param ggc-min-expand=100 --param ggc-min-heapsize=131072]
  ignore line: [ignoring duplicate directory "/usr/include/x86_64-linux-gnu/c++/11"]
  ignore line: [ignoring nonexistent directory "/usr/local/include/x86_64-linux-gnu"]
  ignore line: [ignoring nonexistent directory "/usr/lib/gcc/x86_64-linux-gnu/11/include-fixed"]
  ignore line: [ignoring nonexistent directory "/usr/lib/gcc/x86_64-linux-gnu/11/../../../../x86_64-linux-gnu/include"]
  ignore line: [#include "..." search starts here:]
  ignore line: [#include <...> search starts here:]
  ignore line: [ /usr/include/c++/11]
  ignore line: [ /usr/include/x86_64-linux-gnu/c++/11]
  ignore line: [ /usr/include/c++/11/backward]
  ignore line: [ /usr/lib/gcc/x86_64-linux-gnu/11/include]
  ignore line: [ /usr/local/include]
  ignore line: [ /usr/include/x86_64-linux-gnu]
  ignore line: [ /usr/include]
  ignore line: [End of search list.]
  ignore line: [GNU C++17 (Ubuntu 11.4.0-1ubuntu1~22.04) version 11.4.0 (x86_64-linux-gnu)]
  ignore line: [	compiled by GNU C version 11.4.0  GMP version 6.2.1  MPFR version 4.1.0  MPC version 1.2.1  isl version isl-0.24-GMP]
  ignore line: []
  ignore line: [GGC heuristics: --param ggc-min-expand=100 --param ggc-min-heapsize=131072]
  ignore line: [Compiler executable checksum: d591828bb4d392ae8b7b160e5bb0b95f]
  ignore line: [COLLECT_GCC_OPTIONS='-v' '-o' 'CMakeFiles/cmTC_57235.dir/CMakeCXXCompilerABI.cpp.o' '-c' '-shared-libgcc' '-mtune=generic' '-march=x86-64' '-dumpdir' 'CMakeFiles/cmTC_57235.dir/']
  ignore line: [ as -v --64 -o CMakeFiles/cmTC_57235.dir/CMakeCXXCompilerABI.cpp.o /tmp/cc1lm79d.s]
  ignore line: [GNU assembler version 2.38 (x86_64-linux-gnu) using BFD version (GNU Binutils for Ubuntu) 2.38]
  ignore line: [COMPILER_PATH=/usr/lib/gcc/x86_64-linux-gnu/11/:/usr/lib/gcc/x86_64-linux-gnu/11/:/usr/lib/gcc/x86_64-linux-gnu/:/usr/lib/gcc/x86_64-linux-gnu/11/:/usr/lib/gcc/x86_64-linux-gnu/]
  ignore line: [LIBRARY_PATH=/usr/lib/gcc/x86_64-linux-gnu/11/:/usr/lib/gcc/x86_64-linux-gnu/11/../../../x86_64-linux-gnu/:/usr/lib/gcc/x86_64-linux-gnu/11/../../../../lib/:/lib/x86_64-linux-gnu/:/lib/../lib/:/usr/lib/x86_64-linux-gnu/:/usr/lib/../lib/:/usr/lib/gcc/x86_64-linux-gnu/11/../../../:/lib/:/usr/lib/]
  ignore line: [COLLECT_GCC_OPTIONS='-v' '-o' 'CMakeFiles/cmTC_57235.dir/CMakeCXXCompilerABI.cpp.o' '-c' '-shared-libgcc' '-mtune=generic' '-march=x86-64' '-dumpdir' 'CMakeFiles/cmTC_57235.dir/CMakeCXXCompilerABI.cpp.']
  ignore line: [Linking CXX executable cmTC_57235]
  ignore line: [/usr/bin/cmake -E cmake_link_script CMakeFiles/cmTC_57235.dir/link.txt --verbose=1]
  ignore line: [/usr/bin/c++  -v -rdynamic CMakeFiles/cmTC_57235.dir/CMakeCXXCompilerABI.cpp.o -o cmTC_57235 ]
  ignore line: [Using built-in specs.]
  ignore line: [COLLECT_GCC=/usr/bin/c++]
  ignore line: [COLLECT_LTO_WRAPPER=/usr/lib/gcc/x86_64-linux-gnu/11/lto-wrapper]
  ignore line: [OFFLOAD_TARGET_NAMES=nvptx-none:amdgcn-amdhsa]
  ignore line: [OFFLOAD_TARGET_DEFAULT=1]
  ignore line: [Target: x86_64-linux-gnu]
  ignore line: [Configured with: ../src/configure -v --with-pkgversion='Ubuntu 11.4.0-1ubuntu1~22.04' --with-bugurl=file:///usr/share/doc/gcc-11/README.Bugs --enable-languages=c ada c++ go brig d fortran objc obj-c++ m2 --prefix=/usr --with-gcc-major-version-only --program-suffix=-11 --program-prefix=x86_64-linux-gnu- --enable-shared --enable-linker-build-id --libexecdir=/usr/lib --without-included-gettext --enable-threads=posix --libdir=/usr/lib --enable-nls --enable-bootstrap --enable-clocale=gnu --enable-libstdcxx-debug --enable-libstdcxx-time=yes --with-default-libstdcxx-abi=new --enable-gnu-unique-object --disable-vtable-verify --enable-plugin --enable-default-pie --with-system-zlib --enable-libphobos-checking=release --with-target-system-zlib=auto --enable-objc-gc=auto --enable-multiarch --disable-werror --enable-cet --with-arch-32=i686 --with-abi=m64 --with-multilib-list=m32 m64 mx32 --enable-multilib --with-tune=generic --enable-offload-targets=nvptx-none=/build/gcc-11-XeT9lY/gcc-11-11.4.0/debian/tmp-nvptx/usr amdgcn-amdhsa=/build/gcc-11-XeT9lY/gcc-11-11.4.0/debian/tmp-gcn/usr --without-cuda-driver --enable-checking=release --build=x86_64-linux-gnu --host=x86_64-linux-gnu --target=x86_64-linux-gnu --with-build-config=bootstrap-lto-lean --enable-link-serialization=2]
  ignore line: [Thread model: posix]
  ignore line: [Supported LTO compression algorithms: zlib zstd]
  ignore line: [gcc version 11.4.0 (Ubuntu 11.4.0-1ubuntu1~22.04) ]
  ignore line: [COMPILER_PATH=/usr/lib/gcc/x86_64-linux-gnu/11/:/usr/lib/gcc/x86_64-linux-gnu/11/:/usr/lib/gcc/x86_64-linux-gnu/:/usr/lib/gcc/x86_64-linux-gnu/11/:/usr/lib/gcc/x86_64-linux-gnu/]
  ignore line: [LIBRARY_PATH=/usr/lib/gcc/x86_64-linux-gnu/11/:/usr/lib/gcc/x86_64-linux-gnu/11/../../../x86_64-linux-gnu/:/usr/lib/gcc/x86_64-linux-gnu/11/../../../../lib/:/lib/x86_64-linux-gnu/:/lib/../lib/:/usr/lib/x86_64-linux-gnu/:/usr/lib/../lib/:/usr/lib/gcc/x86_64-linux-gnu/11/../../../:/lib/:/usr/lib/]
  ignore line: [COLLECT_GCC_OPTIONS='-v' '-rdynamic' '-o' 'cmTC_57235' '-shared-libgcc' '-mtune=generic' '-march=x86-64' '-dumpdir' 'cmTC_57235.']
  link line: [ /usr/lib/gcc/x86_64-linux-gnu/11/collect2 -plugin /usr/lib/gcc/x86_64-linux-gnu/11/liblto_plugin.so -plugin-opt=/usr/lib/gcc/x86_64-linux-gnu/11/lto-wrapper -plugin-opt=-fresolution=/tmp/ccISvpLI.res -plugin-opt=-pass-through=-lgcc_s -plugin-opt=-pass-through=-lgcc -plugin-opt=-pass-through=-lc -plugin-opt=-pass-through=-lgcc_s -plugin-opt=-pass-through=-lgcc --build-id --eh-frame-hdr -m elf_x86_64 --hash-style=gnu --as-needed -export-dynamic -dynamic-linker /lib64/ld-linux-x86-64.so.2 -pie -z now -z relro -o cmTC_57235 /usr/lib/gcc/x86_64-linux-gnu/11/../../../x86_64-linux-gnu/Scrt1.o /usr/lib/gcc/x86_64-linux-gnu/11/../../../x86_64-linux-gnu/crti.o /usr/lib/gcc/x86_64-linux-gnu/11/crtbeginS.o -L/usr/lib/gcc/x86_64-linux-gnu/11 -L/usr/lib/gcc/x86_64-linux-gnu/11/../../../x86_64-linux-gnu -L/usr/lib/gcc/x86_64-linux-gnu/11/../../../../lib -L/lib/x86_64-linux-gnu -L/lib/../lib -L/usr/lib/x86_64-linux-gnu -L/usr/lib/../lib -L/usr/lib/gcc/x86_64-linux-gnu/11/../../.. CMakeFiles/cmTC_57235.dir/CMakeCXXCompilerABI.cpp.o -lstdc++ -lm -lgcc_s -lgcc -lc -lgcc_s -lgcc /usr/lib/gcc/x86_64-linux-gnu/11/crtendS.o /usr/lib/gcc/x86_64-linux-gnu/11/../../../x86_64-linux-gnu/crtn.o]
    arg [/usr/lib/gcc/x86_64-linux-gnu/11/collect2] ==> ignore
    arg [-plugin] ==> ignore
    arg [/usr/lib/gcc/x86_64-linux-gnu/11/liblto_plugin.so] ==> ignore
    arg [-plugin-opt=/usr/lib/gcc/x86_64-linux-gnu/11/lto-wrapper] ==> ignore
    arg [-plugin-opt=-fresolution=/tmp/ccISvpLI.res] ==> ignore
    arg [-plugin-opt=-pass-through=-lgcc_s] ==> ignore
    arg [-plugin-opt=-pass-through=-lgcc] ==> ignore
    arg [-plugin-opt=-pass-through=-lc] ==> ignore
    arg [-plugin-opt=-pass-through=-lgcc_s] ==> ignore
    arg [-plugin-opt=-pass-through=-lgcc] ==> ignore
    arg [--build-id] ==> ignore
    arg [--eh-frame-hdr] ==> ignore
    arg [-m] ==> ignore
    arg [elf_x86_64] ==> ignore
    arg [--hash-style=gnu] ==> ignore
    arg [--as-needed] ==> ignore
    arg [-export-dynamic] ==> ignore
    arg [-dynamic-linker] ==> ignore
    arg [/lib64/ld-linux-x86-64.so.2] ==> ignore
    arg [-pie] ==> ignore
    arg [-znow] ==> ignore
    arg [-zrelro] ==> ignore
    arg [-o] ==> ignore
    arg [cmTC_57235] ==> ignore
    arg [/usr/lib/gcc/x86_64-linux-gnu/11/../../../x86_64-linux-gnu/Scrt1.o] ==> obj [/usr/lib/gcc/x86_64-linux-gnu/11/../../../x86_64-linux-gnu/Scrt1.o]
    arg [/usr/lib/gcc/x86_64-linux-gnu/11/../../../x86_64-linux-gnu/crti.o] ==> obj [/usr/lib/gcc/x86_64-linux-gnu/11/../../../x86_64-linux-gnu/crti.o]
    arg [/usr/lib/gcc/x86_64-linux-gnu/11/crtbeginS.o] ==> obj [/usr/lib/gcc/x86_64-linux-gnu/11/crtbeginS.o]
    arg [-L/usr/lib/gcc/x86_64-linux-gnu/11] ==> dir [/usr/lib/gcc/x86_64-linux-gnu/11]
    arg [-L/usr/lib/gcc/x86_64-linux-gnu/11/../../../x86_64-linux-gnu] ==> dir [/usr/lib/gcc/x86_64-linux-gnu/11/../../../x86_64-linux-gnu]
    arg [-L/usr/lib/gcc/x86_64-linux-gnu/11/../../../../lib] ==> dir [/usr/lib/gcc/x86_64-linux-gnu/11/../../../../lib]
    arg [-L/lib/x86_64-linux-gnu] ==> dir [/lib/x86_64-linux-gnu]
    arg [-L/lib/../lib] ==> dir [/lib/../lib]
    arg [-L/usr/lib/x86_64-linux-gnu] ==> dir [/usr/lib/x86_64-linux-gnu]
    arg [-L/usr/lib/../lib] ==> dir [/usr/lib/../lib]
    arg [-L/usr/lib/gcc/x86_64-linux-gnu/11/../../..] ==> dir [/usr/lib/gcc/x86_64-linux-gnu/11/../../..]
    arg [CMakeFiles/cmTC_57235.dir/CMakeCXXCompilerABI.cpp.o] ==> ignore
    arg [-lstdc++] ==> lib [stdc++]
    arg [-lm] ==> lib [m]
    arg [-lgcc_s] ==> lib [gcc_s]
    arg [-lgcc] ==> lib [gcc]
    arg [-lc] ==> lib [c]
    arg [-lgcc_s] ==> lib [gcc_s]
    arg [-lgcc] ==> lib [gcc]
    arg [/usr/lib/gcc/x86_64-linux-gnu/11/crtendS.o] ==> obj [/usr/lib/gcc/x86_64-linux-gnu/11/crtendS.o]
    arg [/usr/lib/gcc/x86_64-linux-gnu/11/../../../x86_64-linux-gnu/crtn.o] ==> obj [/usr/lib/gcc/x86_64-linux-gnu/11/../../../x86_64-linux-gnu/crtn.o]
  collapse obj [/usr/lib/gcc/x86_64-linux-gnu/11/../../../x86_64-linux-gnu/Scrt1.o] ==> [/usr/lib/x86_64-linux-gnu/Scrt1.o]
  collapse obj [/usr/lib/gcc/x86_64-linux-gnu/11/../../../x86_64-linux-gnu/crti.o] ==> [/usr/lib/x86_64-linux-gnu/crti.o]
  collapse obj [/usr/lib/gcc/x86_64-linux-gnu/11/../../../x86_64-linux-gnu/crtn.o] ==> [/usr/lib/x86_64-linux-gnu/crtn.o]
  collapse library dir [/usr/lib/gcc/x86_64-linux-gnu/11] ==> [/usr/lib/gcc/x86_64-linux-gnu/11]
  collapse library dir [/usr/lib/gcc/x86_64-linux-gnu/11/../../../x86_64-linux-gnu] ==> [/usr/lib/x86_64-linux-gnu]
  collapse library dir [/usr/lib/gcc/x86_64-linux-gnu/11/../../../../lib] ==> [/usr/lib]
  collapse library dir [/lib/x86_64-linux-gnu] ==> [/lib/x86_64-linux-gnu]
  collapse library dir [/lib/../lib] ==> [/lib]
  collapse library dir [/usr/lib/x86_64-linux-gnu] ==> [/usr/lib/x86_64-linux-gnu]
  collapse library dir [/usr/lib/../lib] ==> [/usr/lib]
  collapse library dir [/usr/lib/gcc/x86_64-linux-gnu/11/../../..] ==> [/usr/lib]
  implicit libs: [stdc++;m;gcc_s;gcc;c;gcc_s;gcc]
  implicit objs: [/usr/lib/x86_64-linux-gnu/Scrt1.o;/usr/lib/x86_64-linux-gnu/crti.o;/usr/lib/gcc/x86_64-linux-gnu/11/crtbeginS.o;/usr/lib/gcc/x86_64-linux-gnu/11/crtendS.o;/usr/lib/x86_64-linux-gnu/crtn.o]
  implicit dirs: [/usr/lib/gcc/x86_64-linux-gnu/11;/usr/lib/x86_64-linux-gnu;/usr/lib;/lib/x86_64-linux-gnu;/lib]
  implicit fwks: []


Performing C++ SOURCE FILE Test EIGEN_COMPILER_SUPPORT_CPP11 succeeded with the following output:
Change Dir: /home/yanwei/第二次任务喵/task/eigen-3.3.7/build/CMakeFiles/CMakeTmp

Run Build Command(s):/usr/bin/gmake -f Makefile cmTC_c9b5e/fast && /usr/bin/gmake  -f CMakeFiles/cmTC_c9b5e.dir/build.make CMakeFiles/cmTC_c9b5e.dir/build
gmake[1]: Entering directory '/home/yanwei/第二次任务喵/task/eigen-3.3.7/build/CMakeFiles/CMakeTmp'
Building CXX object CMakeFiles/cmTC_c9b5e.dir/src.cxx.o
/usr/bin/c++ -DEIGEN_COMPILER_SUPPORT_CPP11  -std=c++11 -o CMakeFiles/cmTC_c9b5e.dir/src.cxx.o -c /home/yanwei/第二次任务喵/task/eigen-3.3.7/build/CMakeFiles/CMakeTmp/src.cxx
Linking CXX executable cmTC_c9b5e
/usr/bin/cmake -E cmake_link_script CMakeFiles/cmTC_c9b5e.dir/link.txt --verbose=1
/usr/bin/c++ -rdynamic CMakeFiles/cmTC_c9b5e.dir/src.cxx.o -o cmTC_c9b5e 
gmake[1]: Leaving directory '/home/yanwei/第二次任务喵/task/eigen-3.3.7/build/CMakeFiles/CMakeTmp'


Source file was:
int main() { return 0; }
Performing C++ SOURCE FILE Test COMPILER_SUPPORT_std=cpp03 succeeded with the following output:
Change Dir: /home/yanwei/第二次任务喵/task/eigen-3.3.7/build/CMakeFiles/CMakeTmp

Run Build Command(s):/usr/bin/gmake -f Makefile cmTC_f4038/fast && /usr/bin/gmake  -f CMakeFiles/cmTC_f4038.dir/build.make CMakeFiles/cmTC_f4038.dir/build
gmake[1]: Entering directory '/home/yanwei/第二次任务喵/task/eigen-3.3.7/build/CMakeFiles/CMakeTmp'
Building CXX object CMakeFiles/cmTC_f4038.dir/src.cxx.o
/usr/bin/c++ -DCOMPILER_SUPPORT_std=cpp03  -std=c++03 -o CMakeFiles/cmTC_f4038.dir/src.cxx.o -c /home/yanwei/第二次任务喵/task/eigen-3.3.7/build/CMakeFiles/CMakeTmp/src.cxx
Linking CXX executable cmTC_f4038
/usr/bin/cmake -E cmake_link_script CMakeFiles/cmTC_f4038.dir/link.txt --verbose=1
/usr/bin/c++ -rdynamic CMakeFiles/cmTC_f4038.dir/src.cxx.o -o cmTC_f4038 
gmake[1]: Leaving directory '/home/yanwei/第二次任务喵/task/eigen-3.3.7/build/CMakeFiles/CMakeTmp'


Source file was:
int main() { return 0; }
Performing C++ SOURCE FILE Test standard_math_library_linked_to_automatically succeeded with the following output:
Change Dir: /home/yanwei/第二次任务喵/task/eigen-3.3.7/build/CMakeFiles/CMakeTmp

Run Build Command(s):/usr/bin/gmake -f Makefile cmTC_51b92/fast && /usr/bin/gmake  -f CMakeFiles/cmTC_51b92.dir/build.make CMakeFiles/cmTC_51b92.dir/build
gmake[1]: 进入目录“/home/yanwei/第二次任务喵/task/eigen-3.3.7/build/CMakeFiles/CMakeTmp”
Building CXX object CMakeFiles/cmTC_51b92.dir/src.cxx.o
/usr/bin/c++ -Dstandard_math_library_linked_to_automatically  -std=c++03  -o CMakeFiles/cmTC_51b92.dir/src.cxx.o -c /home/yanwei/第二次任务喵/task/eigen-3.3.7/build/CMakeFiles/CMakeTmp/src.cxx
Linking CXX executable cmTC_51b92
/usr/bin/cmake -E cmake_link_script CMakeFiles/cmTC_51b92.dir/link.txt --verbose=1
/usr/bin/c++  -std=c++03  -rdynamic CMakeFiles/cmTC_51b92.dir/src.cxx.o -o cmTC_51b92 
gmake[1]: 离开目录“/home/yanwei/第二次任务喵/task/eigen-3.3.7/build/CMakeFiles/CMakeTmp”


Source file was:
#include<cmath>
int main() { std::sin(0.0); std::log(0.0f); }
Performing C++ SOURCE FILE Test COMPILER_SUPPORT_WERROR succeeded with the following output:
Change Dir: /home/yanwei/第二次任务喵/task/eigen-3.3.7/build/CMakeFiles/CMakeTmp

Run Build Command(s):/usr/bin/gmake -f Makefile cmTC_094e9/fast && /usr/bin/gmake  -f CMakeFiles/cmTC_094e9.dir/build.make CMakeFiles/cmTC_094e9.dir/build
gmake[1]: Entering directory '/home/yanwei/第二次任务喵/task/eigen-3.3.7/build/CMakeFiles/CMakeTmp'
Building CXX object CMakeFiles/cmTC_094e9.dir/src.cxx.o
/usr/bin/c++ -DCOMPILER_SUPPORT_WERROR  -std=c++03    -Werror -o CMakeFiles/cmTC_094e9.dir/src.cxx.o -c /home/yanwei/第二次任务喵/task/eigen-3.3.7/build/CMakeFiles/CMakeTmp/src.cxx
Linking CXX executable cmTC_094e9
/usr/bin/cmake -E cmake_link_script CMakeFiles/cmTC_094e9.dir/link.txt --verbose=1
/usr/bin/c++  -std=c++03  -rdynamic CMakeFiles/cmTC_094e9.dir/src.cxx.o -o cmTC_094e9 
gmake[1]: Leaving directory '/home/yanwei/第二次任务喵/task/eigen-3.3.7/build/CMakeFiles/CMakeTmp'


Source file was:
int main() { return 0; }
Performing C++ SOURCE FILE Test COMPILER_SUPPORT_pedantic succeeded with the following output:
Change Dir: /home/yanwei/第二次任务喵/task/eigen-3.3.7/build/CMakeFiles/CMakeTmp

Run Build Command(s):/usr/bin/gmake -f Makefile cmTC_fb5e7/fast && /usr/bin/gmake  -f CMakeFiles/cmTC_fb5e7.dir/build.make CMakeFiles/cmTC_fb5e7.dir/build
gmake[1]: Entering directory '/home/yanwei/第二次任务喵/task/eigen-3.3.7/build/CMakeFiles/CMakeTmp'
Building CXX object CMakeFiles/cmTC_fb5e7.dir/src.cxx.o
/usr/bin/c++ -DCOMPILER_SUPPORT_pedantic  -std=c++03 -Werror   -pedantic -o CMakeFiles/cmTC_fb5e7.dir/src.cxx.o -c /home/yanwei/第二次任务喵/task/eigen-3.3.7/build/CMakeFiles/CMakeTmp/src.cxx
Linking CXX executable cmTC_fb5e7
/usr/bin/cmake -E cmake_link_script CMakeFiles/cmTC_fb5e7.dir/link.txt --verbose=1
/usr/bin/c++  -std=c++03 -Werror -rdynamic CMakeFiles/cmTC_fb5e7.dir/src.cxx.o -o cmTC_fb5e7 
gmake[1]: Leaving directory '/home/yanwei/第二次任务喵/task/eigen-3.3.7/build/CMakeFiles/CMakeTmp'


Source file was:
int main() { return 0; }
Performing C++ SOURCE FILE Test COMPILER_SUPPORT_Wall succeeded with the following output:
Change Dir: /home/yanwei/第二次任务喵/task/eigen-3.3.7/build/CMakeFiles/CMakeTmp

Run Build Command(s):/usr/bin/gmake -f Makefile cmTC_7304f/fast && /usr/bin/gmake  -f CMakeFiles/cmTC_7304f.dir/build.make CMakeFiles/cmTC_7304f.dir/build
gmake[1]: Entering directory '/home/yanwei/第二次任务喵/task/eigen-3.3.7/build/CMakeFiles/CMakeTmp'
Building CXX object CMakeFiles/cmTC_7304f.dir/src.cxx.o
/usr/bin/c++ -DCOMPILER_SUPPORT_Wall  -std=c++03 -pedantic -Werror   -Wall -o CMakeFiles/cmTC_7304f.dir/src.cxx.o -c /home/yanwei/第二次任务喵/task/eigen-3.3.7/build/CMakeFiles/CMakeTmp/src.cxx
Linking CXX executable cmTC_7304f
/usr/bin/cmake -E cmake_link_script CMakeFiles/cmTC_7304f.dir/link.txt --verbose=1
/usr/bin/c++  -std=c++03 -pedantic -Werror -rdynamic CMakeFiles/cmTC_7304f.dir/src.cxx.o -o cmTC_7304f 
gmake[1]: Leaving directory '/home/yanwei/第二次任务喵/task/eigen-3.3.7/build/CMakeFiles/CMakeTmp'


Source file was:
int main() { return 0; }
Performing C++ SOURCE FILE Test COMPILER_SUPPORT_Wextra succeeded with the following output:
Change Dir: /home/yanwei/第二次任务喵/task/eigen-3.3.7/build/CMakeFiles/CMakeTmp

Run Build Command(s):/usr/bin/gmake -f Makefile cmTC_372af/fast && /usr/bin/gmake  -f CMakeFiles/cmTC_372af.dir/build.make CMakeFiles/cmTC_372af.dir/build
gmake[1]: Entering directory '/home/yanwei/第二次任务喵/task/eigen-3.3.7/build/CMakeFiles/CMakeTmp'
Building CXX object CMakeFiles/cmTC_372af.dir/src.cxx.o
/usr/bin/c++ -DCOMPILER_SUPPORT_Wextra  -std=c++03 -pedantic -Wall -Werror   -Wextra -o CMakeFiles/cmTC_372af.dir/src.cxx.o -c /home/yanwei/第二次任务喵/task/eigen-3.3.7/build/CMakeFiles/CMakeTmp/src.cxx
Linking CXX executable cmTC_372af
/usr/bin/cmake -E cmake_link_script CMakeFiles/cmTC_372af.dir/link.txt --verbose=1
/usr/bin/c++  -std=c++03 -pedantic -Wall -Werror -rdynamic CMakeFiles/cmTC_372af.dir/src.cxx.o -o cmTC_372af 
gmake[1]: Leaving directory '/home/yanwei/第二次任务喵/task/eigen-3.3.7/build/CMakeFiles/CMakeTmp'


Source file was:
int main() { return 0; }
Performing C++ SOURCE FILE Test COMPILER_SUPPORT_Wundef succeeded with the following output:
Change Dir: /home/yanwei/第二次任务喵/task/eigen-3.3.7/build/CMakeFiles/CMakeTmp

Run Build Command(s):/usr/bin/gmake -f Makefile cmTC_b9dd4/fast && /usr/bin/gmake  -f CMakeFiles/cmTC_b9dd4.dir/build.make CMakeFiles/cmTC_b9dd4.dir/build
gmake[1]: Entering directory '/home/yanwei/第二次任务喵/task/eigen-3.3.7/build/CMakeFiles/CMakeTmp'
Building CXX object CMakeFiles/cmTC_b9dd4.dir/src.cxx.o
/usr/bin/c++ -DCOMPILER_SUPPORT_Wundef  -std=c++03 -pedantic -Wall -Wextra -Werror   -Wundef -o CMakeFiles/cmTC_b9dd4.dir/src.cxx.o -c /home/yanwei/第二次任务喵/task/eigen-3.3.7/build/CMakeFiles/CMakeTmp/src.cxx
Linking CXX executable cmTC_b9dd4
/usr/bin/cmake -E cmake_link_script CMakeFiles/cmTC_b9dd4.dir/link.txt --verbose=1
/usr/bin/c++  -std=c++03 -pedantic -Wall -Wextra -Werror -rdynamic CMakeFiles/cmTC_b9dd4.dir/src.cxx.o -o cmTC_b9dd4 
gmake[1]: Leaving directory '/home/yanwei/第二次任务喵/task/eigen-3.3.7/build/CMakeFiles/CMakeTmp'


Source file was:
int main() { return 0; }
Performing C++ SOURCE FILE Test COMPILER_SUPPORT_Wcastalign succeeded with the following output:
Change Dir: /home/yanwei/第二次任务喵/task/eigen-3.3.7/build/CMakeFiles/CMakeTmp

Run Build Command(s):/usr/bin/gmake -f Makefile cmTC_a7bad/fast && /usr/bin/gmake  -f CMakeFiles/cmTC_a7bad.dir/build.make CMakeFiles/cmTC_a7bad.dir/build
gmake[1]: Entering directory '/home/yanwei/第二次任务喵/task/eigen-3.3.7/build/CMakeFiles/CMakeTmp'
Building CXX object CMakeFiles/cmTC_a7bad.dir/src.cxx.o
/usr/bin/c++ -DCOMPILER_SUPPORT_Wcastalign  -std=c++03 -pedantic -Wall -Wextra -Wundef -Werror   -Wcast-align -o CMakeFiles/cmTC_a7bad.dir/src.cxx.o -c /home/yanwei/第二次任务喵/task/eigen-3.3.7/build/CMakeFiles/CMakeTmp/src.cxx
Linking CXX executable cmTC_a7bad
/usr/bin/cmake -E cmake_link_script CMakeFiles/cmTC_a7bad.dir/link.txt --verbose=1
/usr/bin/c++  -std=c++03 -pedantic -Wall -Wextra -Wundef -Werror -rdynamic CMakeFiles/cmTC_a7bad.dir/src.cxx.o -o cmTC_a7bad 
gmake[1]: Leaving directory '/home/yanwei/第二次任务喵/task/eigen-3.3.7/build/CMakeFiles/CMakeTmp'


Source file was:
int main() { return 0; }
Performing C++ SOURCE FILE Test COMPILER_SUPPORT_Wcharsubscripts succeeded with the following output:
Change Dir: /home/yanwei/第二次任务喵/task/eigen-3.3.7/build/CMakeFiles/CMakeTmp

Run Build Command(s):/usr/bin/gmake -f Makefile cmTC_93c63/fast && /usr/bin/gmake  -f CMakeFiles/cmTC_93c63.dir/build.make CMakeFiles/cmTC_93c63.dir/build
gmake[1]: Entering directory '/home/yanwei/第二次任务喵/task/eigen-3.3.7/build/CMakeFiles/CMakeTmp'
Building CXX object CMakeFiles/cmTC_93c63.dir/src.cxx.o
/usr/bin/c++ -DCOMPILER_SUPPORT_Wcharsubscripts  -std=c++03 -pedantic -Wall -Wextra -Wundef -Wcast-align -Werror   -Wchar-subscripts -o CMakeFiles/cmTC_93c63.dir/src.cxx.o -c /home/yanwei/第二次任务喵/task/eigen-3.3.7/build/CMakeFiles/CMakeTmp/src.cxx
Linking CXX executable cmTC_93c63
/usr/bin/cmake -E cmake_link_script CMakeFiles/cmTC_93c63.dir/link.txt --verbose=1
/usr/bin/c++  -std=c++03 -pedantic -Wall -Wextra -Wundef -Wcast-align -Werror -rdynamic CMakeFiles/cmTC_93c63.dir/src.cxx.o -o cmTC_93c63 
gmake[1]: Leaving directory '/home/yanwei/第二次任务喵/task/eigen-3.3.7/build/CMakeFiles/CMakeTmp'


Source file was:
int main() { return 0; }
Performing C++ SOURCE FILE Test COMPILER_SUPPORT_Wnonvirtualdtor succeeded with the following output:
Change Dir: /home/yanwei/第二次任务喵/task/eigen-3.3.7/build/CMakeFiles/CMakeTmp

Run Build Command(s):/usr/bin/gmake -f Makefile cmTC_928b6/fast && /usr/bin/gmake  -f CMakeFiles/cmTC_928b6.dir/build.make CMakeFiles/cmTC_928b6.dir/build
gmake[1]: Entering directory '/home/yanwei/第二次任务喵/task/eigen-3.3.7/build/CMakeFiles/CMakeTmp'
Building CXX object CMakeFiles/cmTC_928b6.dir/src.cxx.o
/usr/bin/c++ -DCOMPILER_SUPPORT_Wnonvirtualdtor  -std=c++03 -pedantic -Wall -Wextra -Wundef -Wcast-align -Wchar-subscripts -Werror   -Wnon-virtual-dtor -o CMakeFiles/cmTC_928b6.dir/src.cxx.o -c /home/yanwei/第二次任务喵/task/eigen-3.3.7/build/CMakeFiles/CMakeTmp/src.cxx
Linking CXX executable cmTC_928b6
/usr/bin/cmake -E cmake_link_script CMakeFiles/cmTC_928b6.dir/link.txt --verbose=1
/usr/bin/c++  -std=c++03 -pedantic -Wall -Wextra -Wundef -Wcast-align -Wchar-subscripts -Werror -rdynamic CMakeFiles/cmTC_928b6.dir/src.cxx.o -o cmTC_928b6 
gmake[1]: Leaving directory '/home/yanwei/第二次任务喵/task/eigen-3.3.7/build/CMakeFiles/CMakeTmp'


Source file was:
int main() { return 0; }
Performing C++ SOURCE FILE Test COMPILER_SUPPORT_Wunusedlocaltypedefs succeeded with the following output:
Change Dir: /home/yanwei/第二次任务喵/task/eigen-3.3.7/build/CMakeFiles/CMakeTmp

Run Build Command(s):/usr/bin/gmake -f Makefile cmTC_11b4c/fast && /usr/bin/gmake  -f CMakeFiles/cmTC_11b4c.dir/build.make CMakeFiles/cmTC_11b4c.dir/build
gmake[1]: Entering directory '/home/yanwei/第二次任务喵/task/eigen-3.3.7/build/CMakeFiles/CMakeTmp'
Building CXX object CMakeFiles/cmTC_11b4c.dir/src.cxx.o
/usr/bin/c++ -DCOMPILER_SUPPORT_Wunusedlocaltypedefs  -std=c++03 -pedantic -Wall -Wextra -Wundef -Wcast-align -Wchar-subscripts -Wnon-virtual-dtor -Werror   -Wunused-local-typedefs -o CMakeFiles/cmTC_11b4c.dir/src.cxx.o -c /home/yanwei/第二次任务喵/task/eigen-3.3.7/build/CMakeFiles/CMakeTmp/src.cxx
Linking CXX executable cmTC_11b4c
/usr/bin/cmake -E cmake_link_script CMakeFiles/cmTC_11b4c.dir/link.txt --verbose=1
/usr/bin/c++  -std=c++03 -pedantic -Wall -Wextra -Wundef -Wcast-align -Wchar-subscripts -Wnon-virtual-dtor -Werror -rdynamic CMakeFiles/cmTC_11b4c.dir/src.cxx.o -o cmTC_11b4c 
gmake[1]: Leaving directory '/home/yanwei/第二次任务喵/task/eigen-3.3.7/build/CMakeFiles/CMakeTmp'


Source file was:
int main() { return 0; }
Performing C++ SOURCE FILE Test COMPILER_SUPPORT_Wpointerarith succeeded with the following output:
Change Dir: /home/yanwei/第二次任务喵/task/eigen-3.3.7/build/CMakeFiles/CMakeTmp

Run Build Command(s):/usr/bin/gmake -f Makefile cmTC_a4d2e/fast && /usr/bin/gmake  -f CMakeFiles/cmTC_a4d2e.dir/build.make CMakeFiles/cmTC_a4d2e.dir/build
gmake[1]: Entering directory '/home/yanwei/第二次任务喵/task/eigen-3.3.7/build/CMakeFiles/CMakeTmp'
Building CXX object CMakeFiles/cmTC_a4d2e.dir/src.cxx.o
/usr/bin/c++ -DCOMPILER_SUPPORT_Wpointerarith  -std=c++03 -pedantic -Wall -Wextra -Wundef -Wcast-align -Wchar-subscripts -Wnon-virtual-dtor -Wunused-local-typedefs -Werror   -Wpointer-arith -o CMakeFiles/cmTC_a4d2e.dir/src.cxx.o -c /home/yanwei/第二次任务喵/task/eigen-3.3.7/build/CMakeFiles/CMakeTmp/src.cxx
Linking CXX executable cmTC_a4d2e
/usr/bin/cmake -E cmake_link_script CMakeFiles/cmTC_a4d2e.dir/link.txt --verbose=1
/usr/bin/c++  -std=c++03 -pedantic -Wall -Wextra -Wundef -Wcast-align -Wchar-subscripts -Wnon-virtual-dtor -Wunused-local-typedefs -Werror -rdynamic CMakeFiles/cmTC_a4d2e.dir/src.cxx.o -o cmTC_a4d2e 
gmake[1]: Leaving directory '/home/yanwei/第二次任务喵/task/eigen-3.3.7/build/CMakeFiles/CMakeTmp'


Source file was:
int main() { return 0; }
Performing C++ SOURCE FILE Test COMPILER_SUPPORT_Wwritestrings succeeded with the following output:
Change Dir: /home/yanwei/第二次任务喵/task/eigen-3.3.7/build/CMakeFiles/CMakeTmp

Run Build Command(s):/usr/bin/gmake -f Makefile cmTC_92a59/fast && /usr/bin/gmake  -f CMakeFiles/cmTC_92a59.dir/build.make CMakeFiles/cmTC_92a59.dir/build
gmake[1]: Entering directory '/home/yanwei/第二次任务喵/task/eigen-3.3.7/build/CMakeFiles/CMakeTmp'
Building CXX object CMakeFiles/cmTC_92a59.dir/src.cxx.o
/usr/bin/c++ -DCOMPILER_SUPPORT_Wwritestrings  -std=c++03 -pedantic -Wall -Wextra -Wundef -Wcast-align -Wchar-subscripts -Wnon-virtual-dtor -Wunused-local-typedefs -Wpointer-arith -Werror   -Wwrite-strings -o CMakeFiles/cmTC_92a59.dir/src.cxx.o -c /home/yanwei/第二次任务喵/task/eigen-3.3.7/build/CMakeFiles/CMakeTmp/src.cxx
Linking CXX executable cmTC_92a59
/usr/bin/cmake -E cmake_link_script CMakeFiles/cmTC_92a59.dir/link.txt --verbose=1
/usr/bin/c++  -std=c++03 -pedantic -Wall -Wextra -Wundef -Wcast-align -Wchar-subscripts -Wnon-virtual-dtor -Wunused-local-typedefs -Wpointer-arith -Werror -rdynamic CMakeFiles/cmTC_92a59.dir/src.cxx.o -o cmTC_92a59 
gmake[1]: Leaving directory '/home/yanwei/第二次任务喵/task/eigen-3.3.7/build/CMakeFiles/CMakeTmp'


Source file was:
int main() { return 0; }
Performing C++ SOURCE FILE Test COMPILER_SUPPORT_Wformatsecurity succeeded with the following output:
Change Dir: /home/yanwei/第二次任务喵/task/eigen-3.3.7/build/CMakeFiles/CMakeTmp

Run Build Command(s):/usr/bin/gmake -f Makefile cmTC_a5cac/fast && /usr/bin/gmake  -f CMakeFiles/cmTC_a5cac.dir/build.make CMakeFiles/cmTC_a5cac.dir/build
gmake[1]: Entering directory '/home/yanwei/第二次任务喵/task/eigen-3.3.7/build/CMakeFiles/CMakeTmp'
Building CXX object CMakeFiles/cmTC_a5cac.dir/src.cxx.o
/usr/bin/c++ -DCOMPILER_SUPPORT_Wformatsecurity  -std=c++03 -pedantic -Wall -Wextra -Wundef -Wcast-align -Wchar-subscripts -Wnon-virtual-dtor -Wunused-local-typedefs -Wpointer-arith -Wwrite-strings -Werror   -Wformat-security -o CMakeFiles/cmTC_a5cac.dir/src.cxx.o -c /home/yanwei/第二次任务喵/task/eigen-3.3.7/build/CMakeFiles/CMakeTmp/src.cxx
Linking CXX executable cmTC_a5cac
/usr/bin/cmake -E cmake_link_script CMakeFiles/cmTC_a5cac.dir/link.txt --verbose=1
/usr/bin/c++  -std=c++03 -pedantic -Wall -Wextra -Wundef -Wcast-align -Wchar-subscripts -Wnon-virtual-dtor -Wunused-local-typedefs -Wpointer-arith -Wwrite-strings -Werror -rdynamic CMakeFiles/cmTC_a5cac.dir/src.cxx.o -o cmTC_a5cac 
gmake[1]: Leaving directory '/home/yanwei/第二次任务喵/task/eigen-3.3.7/build/CMakeFiles/CMakeTmp'


Source file was:
int main() { return 0; }
Performing C++ SOURCE FILE Test COMPILER_SUPPORT_Wlogicalop succeeded with the following output:
Change Dir: /home/yanwei/第二次任务喵/task/eigen-3.3.7/build/CMakeFiles/CMakeTmp

Run Build Command(s):/usr/bin/gmake -f Makefile cmTC_a2e57/fast && /usr/bin/gmake  -f CMakeFiles/cmTC_a2e57.dir/build.make CMakeFiles/cmTC_a2e57.dir/build
gmake[1]: Entering directory '/home/yanwei/第二次任务喵/task/eigen-3.3.7/build/CMakeFiles/CMakeTmp'
Building CXX object CMakeFiles/cmTC_a2e57.dir/src.cxx.o
/usr/bin/c++ -DCOMPILER_SUPPORT_Wlogicalop  -std=c++03 -pedantic -Wall -Wextra -Wundef -Wcast-align -Wchar-subscripts -Wnon-virtual-dtor -Wunused-local-typedefs -Wpointer-arith -Wwrite-strings -Wformat-security -Werror   -Wlogical-op -o CMakeFiles/cmTC_a2e57.dir/src.cxx.o -c /home/yanwei/第二次任务喵/task/eigen-3.3.7/build/CMakeFiles/CMakeTmp/src.cxx
Linking CXX executable cmTC_a2e57
/usr/bin/cmake -E cmake_link_script CMakeFiles/cmTC_a2e57.dir/link.txt --verbose=1
/usr/bin/c++  -std=c++03 -pedantic -Wall -Wextra -Wundef -Wcast-align -Wchar-subscripts -Wnon-virtual-dtor -Wunused-local-typedefs -Wpointer-arith -Wwrite-strings -Wformat-security -Werror -rdynamic CMakeFiles/cmTC_a2e57.dir/src.cxx.o -o cmTC_a2e57 
gmake[1]: Leaving directory '/home/yanwei/第二次任务喵/task/eigen-3.3.7/build/CMakeFiles/CMakeTmp'


Source file was:
int main() { return 0; }
Performing C++ SOURCE FILE Test COMPILER_SUPPORT_Wenumconversion succeeded with the following output:
Change Dir: /home/yanwei/第二次任务喵/task/eigen-3.3.7/build/CMakeFiles/CMakeTmp

Run Build Command(s):/usr/bin/gmake -f Makefile cmTC_df488/fast && /usr/bin/gmake  -f CMakeFiles/cmTC_df488.dir/build.make CMakeFiles/cmTC_df488.dir/build
gmake[1]: Entering directory '/home/yanwei/第二次任务喵/task/eigen-3.3.7/build/CMakeFiles/CMakeTmp'
Building CXX object CMakeFiles/cmTC_df488.dir/src.cxx.o
/usr/bin/c++ -DCOMPILER_SUPPORT_Wenumconversion  -std=c++03 -pedantic -Wall -Wextra -Wundef -Wcast-align -Wchar-subscripts -Wnon-virtual-dtor -Wunused-local-typedefs -Wpointer-arith -Wwrite-strings -Wformat-security -Wlogical-op -Werror   -Wenum-conversion -o CMakeFiles/cmTC_df488.dir/src.cxx.o -c /home/yanwei/第二次任务喵/task/eigen-3.3.7/build/CMakeFiles/CMakeTmp/src.cxx
Linking CXX executable cmTC_df488
/usr/bin/cmake -E cmake_link_script CMakeFiles/cmTC_df488.dir/link.txt --verbose=1
/usr/bin/c++  -std=c++03 -pedantic -Wall -Wextra -Wundef -Wcast-align -Wchar-subscripts -Wnon-virtual-dtor -Wunused-local-typedefs -Wpointer-arith -Wwrite-strings -Wformat-security -Wlogical-op -Werror -rdynamic CMakeFiles/cmTC_df488.dir/src.cxx.o -o cmTC_df488 
gmake[1]: Leaving directory '/home/yanwei/第二次任务喵/task/eigen-3.3.7/build/CMakeFiles/CMakeTmp'


Source file was:
int main() { return 0; }
Performing C++ SOURCE FILE Test COMPILER_SUPPORT_Wdoublepromotion succeeded with the following output:
Change Dir: /home/yanwei/第二次任务喵/task/eigen-3.3.7/build/CMakeFiles/CMakeTmp

Run Build Command(s):/usr/bin/gmake -f Makefile cmTC_2fae0/fast && /usr/bin/gmake  -f CMakeFiles/cmTC_2fae0.dir/build.make CMakeFiles/cmTC_2fae0.dir/build
gmake[1]: Entering directory '/home/yanwei/第二次任务喵/task/eigen-3.3.7/build/CMakeFiles/CMakeTmp'
Building CXX object CMakeFiles/cmTC_2fae0.dir/src.cxx.o
/usr/bin/c++ -DCOMPILER_SUPPORT_Wdoublepromotion  -std=c++03 -pedantic -Wall -Wextra -Wundef -Wcast-align -Wchar-subscripts -Wnon-virtual-dtor -Wunused-local-typedefs -Wpointer-arith -Wwrite-strings -Wformat-security -Wlogical-op -Wenum-conversion -Werror   -Wdouble-promotion -o CMakeFiles/cmTC_2fae0.dir/src.cxx.o -c /home/yanwei/第二次任务喵/task/eigen-3.3.7/build/CMakeFiles/CMakeTmp/src.cxx
Linking CXX executable cmTC_2fae0
/usr/bin/cmake -E cmake_link_script CMakeFiles/cmTC_2fae0.dir/link.txt --verbose=1
/usr/bin/c++  -std=c++03 -pedantic -Wall -Wextra -Wundef -Wcast-align -Wchar-subscripts -Wnon-virtual-dtor -Wunused-local-typedefs -Wpointer-arith -Wwrite-strings -Wformat-security -Wlogical-op -Wenum-conversion -Werror -rdynamic CMakeFiles/cmTC_2fae0.dir/src.cxx.o -o cmTC_2fae0 
gmake[1]: Leaving directory '/home/yanwei/第二次任务喵/task/eigen-3.3.7/build/CMakeFiles/CMakeTmp'


Source file was:
int main() { return 0; }
Performing C++ SOURCE FILE Test COMPILER_SUPPORT_Wnopsabi succeeded with the following output:
Change Dir: /home/yanwei/第二次任务喵/task/eigen-3.3.7/build/CMakeFiles/CMakeTmp

Run Build Command(s):/usr/bin/gmake -f Makefile cmTC_328f3/fast && /usr/bin/gmake  -f CMakeFiles/cmTC_328f3.dir/build.make CMakeFiles/cmTC_328f3.dir/build
gmake[1]: Entering directory '/home/yanwei/第二次任务喵/task/eigen-3.3.7/build/CMakeFiles/CMakeTmp'
Building CXX object CMakeFiles/cmTC_328f3.dir/src.cxx.o
/usr/bin/c++ -DCOMPILER_SUPPORT_Wnopsabi  -std=c++03 -pedantic -Wall -Wextra -Wundef -Wcast-align -Wchar-subscripts -Wnon-virtual-dtor -Wunused-local-typedefs -Wpointer-arith -Wwrite-strings -Wformat-security -Wlogical-op -Wenum-conversion -Wdouble-promotion -Werror   -Wno-psabi -o CMakeFiles/cmTC_328f3.dir/src.cxx.o -c /home/yanwei/第二次任务喵/task/eigen-3.3.7/build/CMakeFiles/CMakeTmp/src.cxx
Linking CXX executable cmTC_328f3
/usr/bin/cmake -E cmake_link_script CMakeFiles/cmTC_328f3.dir/link.txt --verbose=1
/usr/bin/c++  -std=c++03 -pedantic -Wall -Wextra -Wundef -Wcast-align -Wchar-subscripts -Wnon-virtual-dtor -Wunused-local-typedefs -Wpointer-arith -Wwrite-strings -Wformat-security -Wlogical-op -Wenum-conversion -Wdouble-promotion -Werror -rdynamic CMakeFiles/cmTC_328f3.dir/src.cxx.o -o cmTC_328f3 
gmake[1]: Leaving directory '/home/yanwei/第二次任务喵/task/eigen-3.3.7/build/CMakeFiles/CMakeTmp'


Source file was:
int main() { return 0; }
Performing C++ SOURCE FILE Test COMPILER_SUPPORT_Wnovariadicmacros succeeded with the following output:
Change Dir: /home/yanwei/第二次任务喵/task/eigen-3.3.7/build/CMakeFiles/CMakeTmp

Run Build Command(s):/usr/bin/gmake -f Makefile cmTC_cd181/fast && /usr/bin/gmake  -f CMakeFiles/cmTC_cd181.dir/build.make CMakeFiles/cmTC_cd181.dir/build
gmake[1]: Entering directory '/home/yanwei/第二次任务喵/task/eigen-3.3.7/build/CMakeFiles/CMakeTmp'
Building CXX object CMakeFiles/cmTC_cd181.dir/src.cxx.o
/usr/bin/c++ -DCOMPILER_SUPPORT_Wnovariadicmacros  -std=c++03 -pedantic -Wall -Wextra -Wundef -Wcast-align -Wchar-subscripts -Wnon-virtual-dtor -Wunused-local-typedefs -Wpointer-arith -Wwrite-strings -Wformat-security -Wlogical-op -Wenum-conversion -Wdouble-promotion -Wno-psabi -Werror   -Wno-variadic-macros -o CMakeFiles/cmTC_cd181.dir/src.cxx.o -c /home/yanwei/第二次任务喵/task/eigen-3.3.7/build/CMakeFiles/CMakeTmp/src.cxx
Linking CXX executable cmTC_cd181
/usr/bin/cmake -E cmake_link_script CMakeFiles/cmTC_cd181.dir/link.txt --verbose=1
/usr/bin/c++  -std=c++03 -pedantic -Wall -Wextra -Wundef -Wcast-align -Wchar-subscripts -Wnon-virtual-dtor -Wunused-local-typedefs -Wpointer-arith -Wwrite-strings -Wformat-security -Wlogical-op -Wenum-conversion -Wdouble-promotion -Wno-psabi -Werror -rdynamic CMakeFiles/cmTC_cd181.dir/src.cxx.o -o cmTC_cd181 
gmake[1]: Leaving directory '/home/yanwei/第二次任务喵/task/eigen-3.3.7/build/CMakeFiles/CMakeTmp'


Source file was:
int main() { return 0; }
Performing C++ SOURCE FILE Test COMPILER_SUPPORT_Wnolonglong succeeded with the following output:
Change Dir: /home/yanwei/第二次任务喵/task/eigen-3.3.7/build/CMakeFiles/CMakeTmp

Run Build Command(s):/usr/bin/gmake -f Makefile cmTC_725bb/fast && /usr/bin/gmake  -f CMakeFiles/cmTC_725bb.dir/build.make CMakeFiles/cmTC_725bb.dir/build
gmake[1]: Entering directory '/home/yanwei/第二次任务喵/task/eigen-3.3.7/build/CMakeFiles/CMakeTmp'
Building CXX object CMakeFiles/cmTC_725bb.dir/src.cxx.o
/usr/bin/c++ -DCOMPILER_SUPPORT_Wnolonglong  -std=c++03 -pedantic -Wall -Wextra -Wundef -Wcast-align -Wchar-subscripts -Wnon-virtual-dtor -Wunused-local-typedefs -Wpointer-arith -Wwrite-strings -Wformat-security -Wlogical-op -Wenum-conversion -Wdouble-promotion -Wno-psabi -Wno-variadic-macros -Werror   -Wno-long-long -o CMakeFiles/cmTC_725bb.dir/src.cxx.o -c /home/yanwei/第二次任务喵/task/eigen-3.3.7/build/CMakeFiles/CMakeTmp/src.cxx
Linking CXX executable cmTC_725bb
/usr/bin/cmake -E cmake_link_script CMakeFiles/cmTC_725bb.dir/link.txt --verbose=1
/usr/bin/c++  -std=c++03 -pedantic -Wall -Wextra -Wundef -Wcast-align -Wchar-subscripts -Wnon-virtual-dtor -Wunused-local-typedefs -Wpointer-arith -Wwrite-strings -Wformat-security -Wlogical-op -Wenum-conversion -Wdouble-promotion -Wno-psabi -Wno-variadic-macros -Werror -rdynamic CMakeFiles/cmTC_725bb.dir/src.cxx.o -o cmTC_725bb 
gmake[1]: Leaving directory '/home/yanwei/第二次任务喵/task/eigen-3.3.7/build/CMakeFiles/CMakeTmp'


Source file was:
int main() { return 0; }
Performing C++ SOURCE FILE Test COMPILER_SUPPORT_fnochecknew succeeded with the following output:
Change Dir: /home/yanwei/第二次任务喵/task/eigen-3.3.7/build/CMakeFiles/CMakeTmp

Run Build Command(s):/usr/bin/gmake -f Makefile cmTC_f5e91/fast && /usr/bin/gmake  -f CMakeFiles/cmTC_f5e91.dir/build.make CMakeFiles/cmTC_f5e91.dir/build
gmake[1]: Entering directory '/home/yanwei/第二次任务喵/task/eigen-3.3.7/build/CMakeFiles/CMakeTmp'
Building CXX object CMakeFiles/cmTC_f5e91.dir/src.cxx.o
/usr/bin/c++ -DCOMPILER_SUPPORT_fnochecknew  -std=c++03 -pedantic -Wall -Wextra -Wundef -Wcast-align -Wchar-subscripts -Wnon-virtual-dtor -Wunused-local-typedefs -Wpointer-arith -Wwrite-strings -Wformat-security -Wlogical-op -Wenum-conversion -Wdouble-promotion -Wno-psabi -Wno-variadic-macros -Wno-long-long -Werror   -fno-check-new -o CMakeFiles/cmTC_f5e91.dir/src.cxx.o -c /home/yanwei/第二次任务喵/task/eigen-3.3.7/build/CMakeFiles/CMakeTmp/src.cxx
Linking CXX executable cmTC_f5e91
/usr/bin/cmake -E cmake_link_script CMakeFiles/cmTC_f5e91.dir/link.txt --verbose=1
/usr/bin/c++  -std=c++03 -pedantic -Wall -Wextra -Wundef -Wcast-align -Wchar-subscripts -Wnon-virtual-dtor -Wunused-local-typedefs -Wpointer-arith -Wwrite-strings -Wformat-security -Wlogical-op -Wenum-conversion -Wdouble-promotion -Wno-psabi -Wno-variadic-macros -Wno-long-long -Werror -rdynamic CMakeFiles/cmTC_f5e91.dir/src.cxx.o -o cmTC_f5e91 
gmake[1]: Leaving directory '/home/yanwei/第二次任务喵/task/eigen-3.3.7/build/CMakeFiles/CMakeTmp'


Source file was:
int main() { return 0; }
Performing C++ SOURCE FILE Test COMPILER_SUPPORT_fnocommon succeeded with the following output:
Change Dir: /home/yanwei/第二次任务喵/task/eigen-3.3.7/build/CMakeFiles/CMakeTmp

Run Build Command(s):/usr/bin/gmake -f Makefile cmTC_7332c/fast && /usr/bin/gmake  -f CMakeFiles/cmTC_7332c.dir/build.make CMakeFiles/cmTC_7332c.dir/build
gmake[1]: Entering directory '/home/yanwei/第二次任务喵/task/eigen-3.3.7/build/CMakeFiles/CMakeTmp'
Building CXX object CMakeFiles/cmTC_7332c.dir/src.cxx.o
/usr/bin/c++ -DCOMPILER_SUPPORT_fnocommon  -std=c++03 -pedantic -Wall -Wextra -Wundef -Wcast-align -Wchar-subscripts -Wnon-virtual-dtor -Wunused-local-typedefs -Wpointer-arith -Wwrite-strings -Wformat-security -Wlogical-op -Wenum-conversion -Wdouble-promotion -Wno-psabi -Wno-variadic-macros -Wno-long-long -fno-check-new -Werror   -fno-common -o CMakeFiles/cmTC_7332c.dir/src.cxx.o -c /home/yanwei/第二次任务喵/task/eigen-3.3.7/build/CMakeFiles/CMakeTmp/src.cxx
Linking CXX executable cmTC_7332c
/usr/bin/cmake -E cmake_link_script CMakeFiles/cmTC_7332c.dir/link.txt --verbose=1
/usr/bin/c++  -std=c++03 -pedantic -Wall -Wextra -Wundef -Wcast-align -Wchar-subscripts -Wnon-virtual-dtor -Wunused-local-typedefs -Wpointer-arith -Wwrite-strings -Wformat-security -Wlogical-op -Wenum-conversion -Wdouble-promotion -Wno-psabi -Wno-variadic-macros -Wno-long-long -fno-check-new -Werror -rdynamic CMakeFiles/cmTC_7332c.dir/src.cxx.o -o cmTC_7332c 
gmake[1]: Leaving directory '/home/yanwei/第二次任务喵/task/eigen-3.3.7/build/CMakeFiles/CMakeTmp'


Source file was:
int main() { return 0; }
Performing C++ SOURCE FILE Test COMPILER_SUPPORT_fstrictaliasing succeeded with the following output:
Change Dir: /home/yanwei/第二次任务喵/task/eigen-3.3.7/build/CMakeFiles/CMakeTmp

Run Build Command(s):/usr/bin/gmake -f Makefile cmTC_81f58/fast && /usr/bin/gmake  -f CMakeFiles/cmTC_81f58.dir/build.make CMakeFiles/cmTC_81f58.dir/build
gmake[1]: Entering directory '/home/yanwei/第二次任务喵/task/eigen-3.3.7/build/CMakeFiles/CMakeTmp'
Building CXX object CMakeFiles/cmTC_81f58.dir/src.cxx.o
/usr/bin/c++ -DCOMPILER_SUPPORT_fstrictaliasing  -std=c++03 -pedantic -Wall -Wextra -Wundef -Wcast-align -Wchar-subscripts -Wnon-virtual-dtor -Wunused-local-typedefs -Wpointer-arith -Wwrite-strings -Wformat-security -Wlogical-op -Wenum-conversion -Wdouble-promotion -Wno-psabi -Wno-variadic-macros -Wno-long-long -fno-check-new -fno-common -Werror   -fstrict-aliasing -o CMakeFiles/cmTC_81f58.dir/src.cxx.o -c /home/yanwei/第二次任务喵/task/eigen-3.3.7/build/CMakeFiles/CMakeTmp/src.cxx
Linking CXX executable cmTC_81f58
/usr/bin/cmake -E cmake_link_script CMakeFiles/cmTC_81f58.dir/link.txt --verbose=1
/usr/bin/c++  -std=c++03 -pedantic -Wall -Wextra -Wundef -Wcast-align -Wchar-subscripts -Wnon-virtual-dtor -Wunused-local-typedefs -Wpointer-arith -Wwrite-strings -Wformat-security -Wlogical-op -Wenum-conversion -Wdouble-promotion -Wno-psabi -Wno-variadic-macros -Wno-long-long -fno-check-new -fno-common -Werror -rdynamic CMakeFiles/cmTC_81f58.dir/src.cxx.o -o cmTC_81f58 
gmake[1]: Leaving directory '/home/yanwei/第二次任务喵/task/eigen-3.3.7/build/CMakeFiles/CMakeTmp'


Source file was:
int main() { return 0; }
Performing C++ SOURCE FILE Test COMPILER_SUPPORT_ansi succeeded with the following output:
Change Dir: /home/yanwei/第二次任务喵/task/eigen-3.3.7/build/CMakeFiles/CMakeTmp

Run Build Command(s):/usr/bin/gmake -f Makefile cmTC_6b200/fast && /usr/bin/gmake  -f CMakeFiles/cmTC_6b200.dir/build.make CMakeFiles/cmTC_6b200.dir/build
gmake[1]: Entering directory '/home/yanwei/第二次任务喵/task/eigen-3.3.7/build/CMakeFiles/CMakeTmp'
Building CXX object CMakeFiles/cmTC_6b200.dir/src.cxx.o
/usr/bin/c++ -DCOMPILER_SUPPORT_ansi  -std=c++03 -pedantic -Wall -Wextra -Wundef -Wcast-align -Wchar-subscripts -Wnon-virtual-dtor -Wunused-local-typedefs -Wpointer-arith -Wwrite-strings -Wformat-security -Wlogical-op -Wenum-conversion -Wdouble-promotion -Wno-psabi -Wno-variadic-macros -Wno-long-long -fno-check-new -fno-common -fstrict-aliasing -Werror   -ansi -o CMakeFiles/cmTC_6b200.dir/src.cxx.o -c /home/yanwei/第二次任务喵/task/eigen-3.3.7/build/CMakeFiles/CMakeTmp/src.cxx
Linking CXX executable cmTC_6b200
/usr/bin/cmake -E cmake_link_script CMakeFiles/cmTC_6b200.dir/link.txt --verbose=1
/usr/bin/c++  -std=c++03 -pedantic -Wall -Wextra -Wundef -Wcast-align -Wchar-subscripts -Wnon-virtual-dtor -Wunused-local-typedefs -Wpointer-arith -Wwrite-strings -Wformat-security -Wlogical-op -Wenum-conversion -Wdouble-promotion -Wno-psabi -Wno-variadic-macros -Wno-long-long -fno-check-new -fno-common -fstrict-aliasing -Werror -rdynamic CMakeFiles/cmTC_6b200.dir/src.cxx.o -o cmTC_6b200 
gmake[1]: Leaving directory '/home/yanwei/第二次任务喵/task/eigen-3.3.7/build/CMakeFiles/CMakeTmp'


Source file was:
int main() { return 0; }
Performing C++ SOURCE FILE Test COMPILER_SUPPORT_OPENMP succeeded with the following output:
Change Dir: /home/yanwei/第二次任务喵/task/eigen-3.3.7/build/CMakeFiles/CMakeTmp

Run Build Command(s):/usr/bin/gmake -f Makefile cmTC_864c5/fast && /usr/bin/gmake  -f CMakeFiles/cmTC_864c5.dir/build.make CMakeFiles/cmTC_864c5.dir/build
gmake[1]: Entering directory '/home/yanwei/第二次任务喵/task/eigen-3.3.7/build/CMakeFiles/CMakeTmp'
Building CXX object CMakeFiles/cmTC_864c5.dir/src.cxx.o
/usr/bin/c++ -DCOMPILER_SUPPORT_OPENMP  -std=c++03 -pedantic -Wall -Wextra -Wundef -Wcast-align -Wchar-subscripts -Wnon-virtual-dtor -Wunused-local-typedefs -Wpointer-arith -Wwrite-strings -Wformat-security -Wlogical-op -Wenum-conversion -Wdouble-promotion -Wno-psabi -Wno-variadic-macros -Wno-long-long -fno-check-new -fno-common -fstrict-aliasing -ansi    -fopenmp -o CMakeFiles/cmTC_864c5.dir/src.cxx.o -c /home/yanwei/第二次任务喵/task/eigen-3.3.7/build/CMakeFiles/CMakeTmp/src.cxx
Linking CXX executable cmTC_864c5
/usr/bin/cmake -E cmake_link_script CMakeFiles/cmTC_864c5.dir/link.txt --verbose=1
/usr/bin/c++  -std=c++03 -pedantic -Wall -Wextra -Wundef -Wcast-align -Wchar-subscripts -Wnon-virtual-dtor -Wunused-local-typedefs -Wpointer-arith -Wwrite-strings -Wformat-security -Wlogical-op -Wenum-conversion -Wdouble-promotion -Wno-psabi -Wno-variadic-macros -Wno-long-long -fno-check-new -fno-common -fstrict-aliasing -ansi  -rdynamic CMakeFiles/cmTC_864c5.dir/src.cxx.o -o cmTC_864c5 
gmake[1]: Leaving directory '/home/yanwei/第二次任务喵/task/eigen-3.3.7/build/CMakeFiles/CMakeTmp'


Source file was:
int main() { return 0; }
Determining if the include file pthread.h exists passed with the following output:
Change Dir: /home/yanwei/第二次任务喵/task/eigen-3.3.7/build/CMakeFiles/CMakeTmp

Run Build Command(s):/usr/bin/gmake -f Makefile cmTC_2fb7d/fast && /usr/bin/gmake  -f CMakeFiles/cmTC_2fb7d.dir/build.make CMakeFiles/cmTC_2fb7d.dir/build
gmake[1]: 进入目录“/home/yanwei/第二次任务喵/task/eigen-3.3.7/build/CMakeFiles/CMakeTmp”
Building C object CMakeFiles/cmTC_2fb7d.dir/CheckIncludeFile.c.o
/usr/bin/cc    -o CMakeFiles/cmTC_2fb7d.dir/CheckIncludeFile.c.o -c /home/yanwei/第二次任务喵/task/eigen-3.3.7/build/CMakeFiles/CMakeTmp/CheckIncludeFile.c
Linking C executable cmTC_2fb7d
/usr/bin/cmake -E cmake_link_script CMakeFiles/cmTC_2fb7d.dir/link.txt --verbose=1
/usr/bin/cc -rdynamic CMakeFiles/cmTC_2fb7d.dir/CheckIncludeFile.c.o -o cmTC_2fb7d 
gmake[1]: 离开目录“/home/yanwei/第二次任务喵/task/eigen-3.3.7/build/CMakeFiles/CMakeTmp”



Performing C SOURCE FILE Test CMAKE_HAVE_LIBC_PTHREAD succeeded with the following output:
Change Dir: /home/yanwei/第二次任务喵/task/eigen-3.3.7/build/CMakeFiles/CMakeTmp

Run Build Command(s):/usr/bin/gmake -f Makefile cmTC_3b8b8/fast && /usr/bin/gmake  -f CMakeFiles/cmTC_3b8b8.dir/build.make CMakeFiles/cmTC_3b8b8.dir/build
gmake[1]: 进入目录“/home/yanwei/第二次任务喵/task/eigen-3.3.7/build/CMakeFiles/CMakeTmp”
Building C object CMakeFiles/cmTC_3b8b8.dir/src.c.o
/usr/bin/cc -DCMAKE_HAVE_LIBC_PTHREAD   -o CMakeFiles/cmTC_3b8b8.dir/src.c.o -c /home/yanwei/第二次任务喵/task/eigen-3.3.7/build/CMakeFiles/CMakeTmp/src.c
Linking C executable cmTC_3b8b8
/usr/bin/cmake -E cmake_link_script CMakeFiles/cmTC_3b8b8.dir/link.txt --verbose=1
/usr/bin/cc -rdynamic CMakeFiles/cmTC_3b8b8.dir/src.c.o -o cmTC_3b8b8 
gmake[1]: 离开目录“/home/yanwei/第二次任务喵/task/eigen-3.3.7/build/CMakeFiles/CMakeTmp”


Source file was:
#include <pthread.h>

static void* test_func(void* data)
{
  return data;
}

int main(void)
{
  pthread_t thread;
  pthread_create(&thread, NULL, test_func, NULL);
  pthread_detach(thread);
  pthread_cancel(thread);
  pthread_join(thread, NULL);
  pthread_atfork(NULL, NULL, NULL);
  pthread_exit(NULL);

  return 0;
}

Determining if the function dgemm_ exists passed with the following output:
Change Dir: /home/yanwei/第二次任务喵/task/eigen-3.3.7/build/CMakeFiles/CMakeTmp

Run Build Command(s):/usr/bin/gmake -f Makefile cmTC_9812c/fast && /usr/bin/gmake  -f CMakeFiles/cmTC_9812c.dir/build.make CMakeFiles/cmTC_9812c.dir/build
gmake[1]: 进入目录“/home/yanwei/第二次任务喵/task/eigen-3.3.7/build/CMakeFiles/CMakeTmp”
Building C object CMakeFiles/cmTC_9812c.dir/CheckFunctionExists.c.o
/usr/bin/cc   -DCHECK_FUNCTION_EXISTS=dgemm_ -fopenmp -o CMakeFiles/cmTC_9812c.dir/CheckFunctionExists.c.o -c /usr/share/cmake-3.22/Modules/CheckFunctionExists.c
Linking C executable cmTC_9812c
/usr/bin/cmake -E cmake_link_script CMakeFiles/cmTC_9812c.dir/link.txt --verbose=1
/usr/bin/cc  -DCHECK_FUNCTION_EXISTS=dgemm_ -fopenmp -rdynamic CMakeFiles/cmTC_9812c.dir/CheckFunctionExists.c.o -o cmTC_9812c  /usr/lib/x86_64-linux-gnu/libf77blas.so /usr/lib/x86_64-linux-gnu/libatlas.so 
gmake[1]: 离开目录“/home/yanwei/第二次任务喵/task/eigen-3.3.7/build/CMakeFiles/CMakeTmp”



Determining if the function cheev_ exists passed with the following output:
Change Dir: /home/yanwei/第二次任务喵/task/eigen-3.3.7/build/CMakeFiles/CMakeTmp

Run Build Command(s):/usr/bin/gmake -f Makefile cmTC_e09bc/fast && /usr/bin/gmake  -f CMakeFiles/cmTC_e09bc.dir/build.make CMakeFiles/cmTC_e09bc.dir/build
gmake[1]: 进入目录“/home/yanwei/第二次任务喵/task/eigen-3.3.7/build/CMakeFiles/CMakeTmp”
Building C object CMakeFiles/cmTC_e09bc.dir/CheckFunctionExists.c.o
/usr/bin/cc -DLAPACK_USE_F2C  -DCHECK_FUNCTION_EXISTS=cheev_ -fopenmp -o CMakeFiles/cmTC_e09bc.dir/CheckFunctionExists.c.o -c /usr/share/cmake-3.22/Modules/CheckFunctionExists.c
Linking C executable cmTC_e09bc
/usr/bin/cmake -E cmake_link_script CMakeFiles/cmTC_e09bc.dir/link.txt --verbose=1
/usr/bin/cc  -DCHECK_FUNCTION_EXISTS=cheev_ -fopenmp -rdynamic CMakeFiles/cmTC_e09bc.dir/CheckFunctionExists.c.o -o cmTC_e09bc  /usr/lib/x86_64-linux-gnu/liblapack.so /usr/lib/x86_64-linux-gnu/libf77blas.so /usr/lib/x86_64-linux-gnu/libatlas.so 
gmake[1]: 离开目录“/home/yanwei/第二次任务喵/task/eigen-3.3.7/build/CMakeFiles/CMakeTmp”



Performing C++ SOURCE FILE Test COMPILER_SUPPORT_FASTMATH succeeded with the following output:
Change Dir: /home/yanwei/第二次任务喵/task/eigen-3.3.7/build/CMakeFiles/CMakeTmp

Run Build Command(s):/usr/bin/gmake -f Makefile cmTC_b326c/fast && /usr/bin/gmake  -f CMakeFiles/cmTC_b326c.dir/build.make CMakeFiles/cmTC_b326c.dir/build
gmake[1]: Entering directory '/home/yanwei/第二次任务喵/task/eigen-3.3.7/build/CMakeFiles/CMakeTmp'
Building CXX object CMakeFiles/cmTC_b326c.dir/src.cxx.o
/usr/bin/c++ -DCOMPILER_SUPPORT_FASTMATH  -std=c++03 -pedantic -Wall -Wextra -Wundef -Wcast-align -Wchar-subscripts -Wnon-virtual-dtor -Wunused-local-typedefs -Wpointer-arith -Wwrite-strings -Wformat-security -Wlogical-op -Wenum-conversion -Wdouble-promotion -Wno-psabi -Wno-variadic-macros -Wno-long-long -fno-check-new -fno-common -fstrict-aliasing -ansi -fopenmp   -ffast-math -o CMakeFiles/cmTC_b326c.dir/src.cxx.o -c /home/yanwei/第二次任务喵/task/eigen-3.3.7/build/CMakeFiles/CMakeTmp/src.cxx
Linking CXX executable cmTC_b326c
/usr/bin/cmake -E cmake_link_script CMakeFiles/cmTC_b326c.dir/link.txt --verbose=1
/usr/bin/c++  -std=c++03 -pedantic -Wall -Wextra -Wundef -Wcast-align -Wchar-subscripts -Wnon-virtual-dtor -Wunused-local-typedefs -Wpointer-arith -Wwrite-strings -Wformat-security -Wlogical-op -Wenum-conversion -Wdouble-promotion -Wno-psabi -Wno-variadic-macros -Wno-long-long -fno-check-new -fno-common -fstrict-aliasing -ansi -fopenmp -rdynamic CMakeFiles/cmTC_b326c.dir/src.cxx.o -o cmTC_b326c 
gmake[1]: Leaving directory '/home/yanwei/第二次任务喵/task/eigen-3.3.7/build/CMakeFiles/CMakeTmp'


Source file was:
int main() { return 0; }
